ARM GAS  C:\Users\lthw148\AppData\Local\Temp\ccoOEodk.s 			page 1


   1              		.syntax unified
   2              		.cpu cortex-m3
   3              		.fpu softvfp
   4              		.eabi_attribute 20, 1
   5              		.eabi_attribute 21, 1
   6              		.eabi_attribute 23, 3
   7              		.eabi_attribute 24, 1
   8              		.eabi_attribute 25, 1
   9              		.eabi_attribute 26, 1
  10              		.eabi_attribute 30, 1
  11              		.eabi_attribute 34, 1
  12              		.eabi_attribute 18, 4
  13              		.thumb
  14              		.syntax unified
  15              		.file	"cymetadata.c"
  16              		.text
  17              	.Ltext0:
  18              		.cfi_sections	.debug_frame
  19              		.global	cy_metadata
  20              		.global	cy_meta_flashprotect
  21              		.global	cy_meta_wonvl
  22              		.global	cy_meta_custnvl
  23              		.global	cy_meta_configecc
  24              		.section	.cyconfigecc,"a",%progbits
  25              		.align	2
  26              		.type	cy_meta_configecc, %object
  27              		.size	cy_meta_configecc, 204
  28              	cy_meta_configecc:
  29 0000 01       		.byte	1
  30 0001 52       		.byte	82
  31 0002 00       		.byte	0
  32 0003 40       		.byte	64
  33 0004 01       		.byte	1
  34 0005 65       		.byte	101
  35 0006 00       		.byte	0
  36 0007 40       		.byte	64
  37 0008 33       		.byte	51
  38 0009 14       		.byte	20
  39 000a 01       		.byte	1
  40 000b 40       		.byte	64
  41 000c 17       		.byte	23
  42 000d 15       		.byte	21
  43 000e 01       		.byte	1
  44 000f 40       		.byte	64
  45 0010 04       		.byte	4
  46 0011 49       		.byte	73
  47 0012 01       		.byte	1
  48 0013 40       		.byte	64
  49 0014 02       		.byte	2
  50 0015 50       		.byte	80
  51 0016 01       		.byte	1
  52 0017 40       		.byte	64
  53 0018 19       		.byte	25
  54 0019 20       		.byte	32
  55 001a 85       		.byte	-123
  56 001b 0D       		.byte	13
  57 001c 22       		.byte	34
ARM GAS  C:\Users\lthw148\AppData\Local\Temp\ccoOEodk.s 			page 2


  58 001d 01       		.byte	1
  59 001e 2E       		.byte	46
  60 001f 01       		.byte	1
  61 0020 30       		.byte	48
  62 0021 01       		.byte	1
  63 0022 32       		.byte	50
  64 0023 01       		.byte	1
  65 0024 3E       		.byte	62
  66 0025 01       		.byte	1
  67 0026 40       		.byte	64
  68 0027 54       		.byte	84
  69 0028 49       		.byte	73
  70 0029 FF       		.byte	-1
  71 002a 4A       		.byte	74
  72 002b FF       		.byte	-1
  73 002c 4B       		.byte	75
  74 002d FF       		.byte	-1
  75 002e 4F       		.byte	79
  76 002f 01       		.byte	1
  77 0030 50       		.byte	80
  78 0031 18       		.byte	24
  79 0032 52       		.byte	82
  80 0033 80       		.byte	-128
  81 0034 58       		.byte	88
  82 0035 04       		.byte	4
  83 0036 5A       		.byte	90
  84 0037 04       		.byte	4
  85 0038 5B       		.byte	91
  86 0039 04       		.byte	4
  87 003a 5F       		.byte	95
  88 003b 01       		.byte	1
  89 003c 60       		.byte	96
  90 003d 40       		.byte	64
  91 003e 62       		.byte	98
  92 003f 40       		.byte	64
  93 0040 64       		.byte	100
  94 0041 40       		.byte	64
  95 0042 65       		.byte	101
  96 0043 40       		.byte	64
  97 0044 66       		.byte	102
  98 0045 80       		.byte	-128
  99 0046 68       		.byte	104
 100 0047 80       		.byte	-128
 101 0048 6A       		.byte	106
 102 0049 80       		.byte	-128
 103 004a 6C       		.byte	108
 104 004b 80       		.byte	-128
 105 004c 6E       		.byte	110
 106 004d 80       		.byte	-128
 107 004e BA       		.byte	-70
 108 004f C0       		.byte	-64
 109 0050 C0       		.byte	-64
 110 0051 54       		.byte	84
 111 0052 C5       		.byte	-59
 112 0053 EC       		.byte	-20
 113 0054 C6       		.byte	-58
 114 0055 02       		.byte	2
ARM GAS  C:\Users\lthw148\AppData\Local\Temp\ccoOEodk.s 			page 3


 115 0056 C8       		.byte	-56
 116 0057 07       		.byte	7
 117 0058 C9       		.byte	-55
 118 0059 FF       		.byte	-1
 119 005a CA       		.byte	-54
 120 005b FF       		.byte	-1
 121 005c CB       		.byte	-53
 122 005d FF       		.byte	-1
 123 005e CD       		.byte	-51
 124 005f 83       		.byte	-125
 125 0060 CE       		.byte	-50
 126 0061 03       		.byte	3
 127 0062 CF       		.byte	-49
 128 0063 01       		.byte	1
 129 0064 D0       		.byte	-48
 130 0065 18       		.byte	24
 131 0066 D4       		.byte	-44
 132 0067 01       		.byte	1
 133 0068 D8       		.byte	-40
 134 0069 09       		.byte	9
 135 006a DA       		.byte	-38
 136 006b 04       		.byte	4
 137 006c DB       		.byte	-37
 138 006d 04       		.byte	4
 139 006e DF       		.byte	-33
 140 006f 01       		.byte	1
 141 0070 E0       		.byte	-32
 142 0071 40       		.byte	64
 143 0072 E2       		.byte	-30
 144 0073 40       		.byte	64
 145 0074 E4       		.byte	-28
 146 0075 40       		.byte	64
 147 0076 E5       		.byte	-27
 148 0077 40       		.byte	64
 149 0078 E6       		.byte	-26
 150 0079 80       		.byte	-128
 151 007a E8       		.byte	-24
 152 007b 80       		.byte	-128
 153 007c EA       		.byte	-22
 154 007d 80       		.byte	-128
 155 007e EC       		.byte	-20
 156 007f 80       		.byte	-128
 157 0080 EE       		.byte	-18
 158 0081 80       		.byte	-128
 159 0082 10       		.byte	16
 160 0083 82       		.byte	-126
 161 0084 1A       		.byte	26
 162 0085 40       		.byte	64
 163 0086 1B       		.byte	27
 164 0087 08       		.byte	8
 165 0088 1F       		.byte	31
 166 0089 40       		.byte	64
 167 008a 42       		.byte	66
 168 008b 80       		.byte	-128
 169 008c 46       		.byte	70
 170 008d 80       		.byte	-128
 171 008e 48       		.byte	72
ARM GAS  C:\Users\lthw148\AppData\Local\Temp\ccoOEodk.s 			page 4


 172 008f 02       		.byte	2
 173 0090 4C       		.byte	76
 174 0091 02       		.byte	2
 175 0092 4D       		.byte	77
 176 0093 01       		.byte	1
 177 0094 4F       		.byte	79
 178 0095 04       		.byte	4
 179 0096 54       		.byte	84
 180 0097 80       		.byte	-128
 181 0098 56       		.byte	86
 182 0099 80       		.byte	-128
 183 009a 5D       		.byte	93
 184 009b 01       		.byte	1
 185 009c 5E       		.byte	94
 186 009d 40       		.byte	64
 187 009e 5F       		.byte	95
 188 009f 04       		.byte	4
 189 00a0 70       		.byte	112
 190 00a1 02       		.byte	2
 191 00a2 7F       		.byte	127
 192 00a3 08       		.byte	8
 193 00a4 87       		.byte	-121
 194 00a5 40       		.byte	64
 195 00a6 C4       		.byte	-60
 196 00a7 09       		.byte	9
 197 00a8 D0       		.byte	-48
 198 00a9 81       		.byte	-127
 199 00aa D2       		.byte	-46
 200 00ab 18       		.byte	24
 201 00ac D6       		.byte	-42
 202 00ad D0       		.byte	-48
 203 00ae DE       		.byte	-34
 204 00af 20       		.byte	32
 205 00b0 63       		.byte	99
 206 00b1 10       		.byte	16
 207 00b2 87       		.byte	-121
 208 00b3 10       		.byte	16
 209 00b4 D8       		.byte	-40
 210 00b5 40       		.byte	64
 211 00b6 E2       		.byte	-30
 212 00b7 10       		.byte	16
 213 00b8 10       		.byte	16
 214 00b9 01       		.byte	1
 215 00ba 1A       		.byte	26
 216 00bb 01       		.byte	1
 217 00bc 00       		.byte	0
 218 00bd 0B       		.byte	11
 219 00be 0B       		.byte	11
 220 00bf 00       		.byte	0
 221 00c0 00       		.byte	0
 222 00c1 00       		.byte	0
 223 00c2 00       		.byte	0
 224 00c3 00       		.byte	0
 225 00c4 00       		.byte	0
 226 00c5 20       		.byte	32
 227 00c6 20       		.byte	32
 228 00c7 00       		.byte	0
ARM GAS  C:\Users\lthw148\AppData\Local\Temp\ccoOEodk.s 			page 5


 229 00c8 20       		.byte	32
 230 00c9 00       		.byte	0
 231 00ca 00       		.byte	0
 232 00cb 00       		.byte	0
 233              		.section	.cywolatch,"a",%progbits
 234              		.align	2
 235              		.type	cy_meta_wonvl, %object
 236              		.size	cy_meta_wonvl, 4
 237              	cy_meta_wonvl:
 238 0000 BC       		.byte	-68
 239 0001 90       		.byte	-112
 240 0002 AC       		.byte	-84
 241 0003 AF       		.byte	-81
 242              		.section	.cycustnvl,"a",%progbits
 243              		.align	2
 244              		.type	cy_meta_custnvl, %object
 245              		.size	cy_meta_custnvl, 4
 246              	cy_meta_custnvl:
 247 0000 00       		.byte	0
 248 0001 00       		.byte	0
 249 0002 40       		.byte	64
 250 0003 05       		.byte	5
 251              		.section	.cymeta,"a",%progbits
 252              		.align	2
 253              		.type	cy_metadata, %object
 254              		.size	cy_metadata, 12
 255              	cy_metadata:
 256 0000 00       		.byte	0
 257 0001 01       		.byte	1
 258 0002 2E       		.byte	46
 259 0003 16       		.byte	22
 260 0004 10       		.byte	16
 261 0005 69       		.byte	105
 262 0006 00       		.byte	0
 263 0007 01       		.byte	1
 264 0008 00       		.byte	0
 265 0009 00       		.byte	0
 266 000a 00       		.byte	0
 267 000b 00       		.byte	0
 268              		.section	.cyflashprotect,"a",%progbits
 269              		.align	2
 270              		.type	cy_meta_flashprotect, %object
 271              		.size	cy_meta_flashprotect, 256
 272              	cy_meta_flashprotect:
 273 0000 00000000 		.space	256
 273      00000000 
 273      00000000 
 273      00000000 
 273      00000000 
 274              		.text
 275              	.Letext0:
 276              		.file 1 "c:\\program files (x86)\\cypress\\psoc creator\\4.2\\psoc creator\\import\\gnu\\arm\\5.4.
 277              		.file 2 "c:\\program files (x86)\\cypress\\psoc creator\\4.2\\psoc creator\\import\\gnu\\arm\\5.4.
 278              		.file 3 "Generated_Source\\PSoC5\\cymetadata.c"
 279              		.section	.debug_info,"",%progbits
 280              	.Ldebug_info0:
 281 0000 30010000 		.4byte	0x130
ARM GAS  C:\Users\lthw148\AppData\Local\Temp\ccoOEodk.s 			page 6


 282 0004 0400     		.2byte	0x4
 283 0006 00000000 		.4byte	.Ldebug_abbrev0
 284 000a 04       		.byte	0x4
 285 000b 01       		.uleb128 0x1
 286 000c 24000000 		.4byte	.LASF17
 287 0010 0C       		.byte	0xc
 288 0011 E0010000 		.4byte	.LASF18
 289 0015 25010000 		.4byte	.LASF19
 290 0019 00000000 		.4byte	.Ldebug_line0
 291 001d 02       		.uleb128 0x2
 292 001e 01       		.byte	0x1
 293 001f 06       		.byte	0x6
 294 0020 D4010000 		.4byte	.LASF0
 295 0024 03       		.uleb128 0x3
 296 0025 00000000 		.4byte	.LASF9
 297 0029 01       		.byte	0x1
 298 002a 1D       		.byte	0x1d
 299 002b 2F000000 		.4byte	0x2f
 300 002f 02       		.uleb128 0x2
 301 0030 01       		.byte	0x1
 302 0031 08       		.byte	0x8
 303 0032 16000000 		.4byte	.LASF1
 304 0036 02       		.uleb128 0x2
 305 0037 02       		.byte	0x2
 306 0038 05       		.byte	0x5
 307 0039 C1010000 		.4byte	.LASF2
 308 003d 02       		.uleb128 0x2
 309 003e 02       		.byte	0x2
 310 003f 07       		.byte	0x7
 311 0040 C4000000 		.4byte	.LASF3
 312 0044 02       		.uleb128 0x2
 313 0045 04       		.byte	0x4
 314 0046 05       		.byte	0x5
 315 0047 CB010000 		.4byte	.LASF4
 316 004b 02       		.uleb128 0x2
 317 004c 04       		.byte	0x4
 318 004d 07       		.byte	0x7
 319 004e B2000000 		.4byte	.LASF5
 320 0052 02       		.uleb128 0x2
 321 0053 08       		.byte	0x8
 322 0054 05       		.byte	0x5
 323 0055 B3010000 		.4byte	.LASF6
 324 0059 02       		.uleb128 0x2
 325 005a 08       		.byte	0x8
 326 005b 07       		.byte	0x7
 327 005c 06010000 		.4byte	.LASF7
 328 0060 04       		.uleb128 0x4
 329 0061 04       		.byte	0x4
 330 0062 05       		.byte	0x5
 331 0063 696E7400 		.ascii	"int\000"
 332 0067 02       		.uleb128 0x2
 333 0068 04       		.byte	0x4
 334 0069 07       		.byte	0x7
 335 006a F9000000 		.4byte	.LASF8
 336 006e 03       		.uleb128 0x3
 337 006f 1D010000 		.4byte	.LASF10
 338 0073 02       		.byte	0x2
ARM GAS  C:\Users\lthw148\AppData\Local\Temp\ccoOEodk.s 			page 7


 339 0074 18       		.byte	0x18
 340 0075 24000000 		.4byte	0x24
 341 0079 05       		.uleb128 0x5
 342 007a 90000000 		.4byte	0x90
 343 007e 89000000 		.4byte	0x89
 344 0082 06       		.uleb128 0x6
 345 0083 89000000 		.4byte	0x89
 346 0087 CB       		.byte	0xcb
 347 0088 00       		.byte	0
 348 0089 02       		.uleb128 0x2
 349 008a 04       		.byte	0x4
 350 008b 07       		.byte	0x7
 351 008c AA010000 		.4byte	.LASF11
 352 0090 07       		.uleb128 0x7
 353 0091 6E000000 		.4byte	0x6e
 354 0095 08       		.uleb128 0x8
 355 0096 E7000000 		.4byte	.LASF12
 356 009a 03       		.byte	0x3
 357 009b 1F       		.byte	0x1f
 358 009c A6000000 		.4byte	0xa6
 359 00a0 05       		.uleb128 0x5
 360 00a1 03       		.byte	0x3
 361 00a2 00000000 		.4byte	cy_meta_configecc
 362 00a6 07       		.uleb128 0x7
 363 00a7 79000000 		.4byte	0x79
 364 00ab 05       		.uleb128 0x5
 365 00ac 90000000 		.4byte	0x90
 366 00b0 BB000000 		.4byte	0xbb
 367 00b4 06       		.uleb128 0x6
 368 00b5 89000000 		.4byte	0x89
 369 00b9 03       		.byte	0x3
 370 00ba 00       		.byte	0
 371 00bb 08       		.uleb128 0x8
 372 00bc D7000000 		.4byte	.LASF13
 373 00c0 03       		.byte	0x3
 374 00c1 46       		.byte	0x46
 375 00c2 CC000000 		.4byte	0xcc
 376 00c6 05       		.uleb128 0x5
 377 00c7 03       		.byte	0x3
 378 00c8 00000000 		.4byte	cy_meta_custnvl
 379 00cc 07       		.uleb128 0x7
 380 00cd AB000000 		.4byte	0xab
 381 00d1 08       		.uleb128 0x8
 382 00d2 9C010000 		.4byte	.LASF14
 383 00d6 03       		.byte	0x3
 384 00d7 54       		.byte	0x54
 385 00d8 E2000000 		.4byte	0xe2
 386 00dc 05       		.uleb128 0x5
 387 00dd 03       		.byte	0x3
 388 00de 00000000 		.4byte	cy_meta_wonvl
 389 00e2 07       		.uleb128 0x7
 390 00e3 AB000000 		.4byte	0xab
 391 00e7 05       		.uleb128 0x5
 392 00e8 90000000 		.4byte	0x90
 393 00ec F7000000 		.4byte	0xf7
 394 00f0 06       		.uleb128 0x6
 395 00f1 89000000 		.4byte	0x89
ARM GAS  C:\Users\lthw148\AppData\Local\Temp\ccoOEodk.s 			page 8


 396 00f5 FF       		.byte	0xff
 397 00f6 00       		.byte	0
 398 00f7 08       		.uleb128 0x8
 399 00f8 87010000 		.4byte	.LASF15
 400 00fc 03       		.byte	0x3
 401 00fd 62       		.byte	0x62
 402 00fe 08010000 		.4byte	0x108
 403 0102 05       		.uleb128 0x5
 404 0103 03       		.byte	0x3
 405 0104 00000000 		.4byte	cy_meta_flashprotect
 406 0108 07       		.uleb128 0x7
 407 0109 E7000000 		.4byte	0xe7
 408 010d 05       		.uleb128 0x5
 409 010e 90000000 		.4byte	0x90
 410 0112 1D010000 		.4byte	0x11d
 411 0116 06       		.uleb128 0x6
 412 0117 89000000 		.4byte	0x89
 413 011b 0B       		.byte	0xb
 414 011c 00       		.byte	0
 415 011d 08       		.uleb128 0x8
 416 011e 0A000000 		.4byte	.LASF16
 417 0122 03       		.byte	0x3
 418 0123 8F       		.byte	0x8f
 419 0124 2E010000 		.4byte	0x12e
 420 0128 05       		.uleb128 0x5
 421 0129 03       		.byte	0x3
 422 012a 00000000 		.4byte	cy_metadata
 423 012e 07       		.uleb128 0x7
 424 012f 0D010000 		.4byte	0x10d
 425 0133 00       		.byte	0
 426              		.section	.debug_abbrev,"",%progbits
 427              	.Ldebug_abbrev0:
 428 0000 01       		.uleb128 0x1
 429 0001 11       		.uleb128 0x11
 430 0002 01       		.byte	0x1
 431 0003 25       		.uleb128 0x25
 432 0004 0E       		.uleb128 0xe
 433 0005 13       		.uleb128 0x13
 434 0006 0B       		.uleb128 0xb
 435 0007 03       		.uleb128 0x3
 436 0008 0E       		.uleb128 0xe
 437 0009 1B       		.uleb128 0x1b
 438 000a 0E       		.uleb128 0xe
 439 000b 10       		.uleb128 0x10
 440 000c 17       		.uleb128 0x17
 441 000d 00       		.byte	0
 442 000e 00       		.byte	0
 443 000f 02       		.uleb128 0x2
 444 0010 24       		.uleb128 0x24
 445 0011 00       		.byte	0
 446 0012 0B       		.uleb128 0xb
 447 0013 0B       		.uleb128 0xb
 448 0014 3E       		.uleb128 0x3e
 449 0015 0B       		.uleb128 0xb
 450 0016 03       		.uleb128 0x3
 451 0017 0E       		.uleb128 0xe
 452 0018 00       		.byte	0
ARM GAS  C:\Users\lthw148\AppData\Local\Temp\ccoOEodk.s 			page 9


 453 0019 00       		.byte	0
 454 001a 03       		.uleb128 0x3
 455 001b 16       		.uleb128 0x16
 456 001c 00       		.byte	0
 457 001d 03       		.uleb128 0x3
 458 001e 0E       		.uleb128 0xe
 459 001f 3A       		.uleb128 0x3a
 460 0020 0B       		.uleb128 0xb
 461 0021 3B       		.uleb128 0x3b
 462 0022 0B       		.uleb128 0xb
 463 0023 49       		.uleb128 0x49
 464 0024 13       		.uleb128 0x13
 465 0025 00       		.byte	0
 466 0026 00       		.byte	0
 467 0027 04       		.uleb128 0x4
 468 0028 24       		.uleb128 0x24
 469 0029 00       		.byte	0
 470 002a 0B       		.uleb128 0xb
 471 002b 0B       		.uleb128 0xb
 472 002c 3E       		.uleb128 0x3e
 473 002d 0B       		.uleb128 0xb
 474 002e 03       		.uleb128 0x3
 475 002f 08       		.uleb128 0x8
 476 0030 00       		.byte	0
 477 0031 00       		.byte	0
 478 0032 05       		.uleb128 0x5
 479 0033 01       		.uleb128 0x1
 480 0034 01       		.byte	0x1
 481 0035 49       		.uleb128 0x49
 482 0036 13       		.uleb128 0x13
 483 0037 01       		.uleb128 0x1
 484 0038 13       		.uleb128 0x13
 485 0039 00       		.byte	0
 486 003a 00       		.byte	0
 487 003b 06       		.uleb128 0x6
 488 003c 21       		.uleb128 0x21
 489 003d 00       		.byte	0
 490 003e 49       		.uleb128 0x49
 491 003f 13       		.uleb128 0x13
 492 0040 2F       		.uleb128 0x2f
 493 0041 0B       		.uleb128 0xb
 494 0042 00       		.byte	0
 495 0043 00       		.byte	0
 496 0044 07       		.uleb128 0x7
 497 0045 26       		.uleb128 0x26
 498 0046 00       		.byte	0
 499 0047 49       		.uleb128 0x49
 500 0048 13       		.uleb128 0x13
 501 0049 00       		.byte	0
 502 004a 00       		.byte	0
 503 004b 08       		.uleb128 0x8
 504 004c 34       		.uleb128 0x34
 505 004d 00       		.byte	0
 506 004e 03       		.uleb128 0x3
 507 004f 0E       		.uleb128 0xe
 508 0050 3A       		.uleb128 0x3a
 509 0051 0B       		.uleb128 0xb
ARM GAS  C:\Users\lthw148\AppData\Local\Temp\ccoOEodk.s 			page 10


 510 0052 3B       		.uleb128 0x3b
 511 0053 0B       		.uleb128 0xb
 512 0054 49       		.uleb128 0x49
 513 0055 13       		.uleb128 0x13
 514 0056 3F       		.uleb128 0x3f
 515 0057 19       		.uleb128 0x19
 516 0058 02       		.uleb128 0x2
 517 0059 18       		.uleb128 0x18
 518 005a 00       		.byte	0
 519 005b 00       		.byte	0
 520 005c 00       		.byte	0
 521              		.section	.debug_aranges,"",%progbits
 522 0000 14000000 		.4byte	0x14
 523 0004 0200     		.2byte	0x2
 524 0006 00000000 		.4byte	.Ldebug_info0
 525 000a 04       		.byte	0x4
 526 000b 00       		.byte	0
 527 000c 0000     		.2byte	0
 528 000e 0000     		.2byte	0
 529 0010 00000000 		.4byte	0
 530 0014 00000000 		.4byte	0
 531              		.section	.debug_line,"",%progbits
 532              	.Ldebug_line0:
 533 0000 3D010000 		.section	.debug_str,"MS",%progbits,1
 533      02003701 
 533      00000201 
 533      FB0E0D00 
 533      01010101 
 534              	.LASF9:
 535 0000 5F5F7569 		.ascii	"__uint8_t\000"
 535      6E74385F 
 535      7400
 536              	.LASF16:
 537 000a 63795F6D 		.ascii	"cy_metadata\000"
 537      65746164 
 537      61746100 
 538              	.LASF1:
 539 0016 756E7369 		.ascii	"unsigned char\000"
 539      676E6564 
 539      20636861 
 539      7200
 540              	.LASF17:
 541 0024 474E5520 		.ascii	"GNU C11 5.4.1 20160609 (release) [ARM/embedded-5-br"
 541      43313120 
 541      352E342E 
 541      31203230 
 541      31363036 
 542 0057 616E6368 		.ascii	"anch revision 237715] -mcpu=cortex-m3 -mthumb -g -O"
 542      20726576 
 542      6973696F 
 542      6E203233 
 542      37373135 
 543 008a 67202D66 		.ascii	"g -ffunction-sections -ffat-lto-objects\000"
 543      66756E63 
 543      74696F6E 
 543      2D736563 
 543      74696F6E 
ARM GAS  C:\Users\lthw148\AppData\Local\Temp\ccoOEodk.s 			page 11


 544              	.LASF5:
 545 00b2 6C6F6E67 		.ascii	"long unsigned int\000"
 545      20756E73 
 545      69676E65 
 545      6420696E 
 545      7400
 546              	.LASF3:
 547 00c4 73686F72 		.ascii	"short unsigned int\000"
 547      7420756E 
 547      7369676E 
 547      65642069 
 547      6E7400
 548              	.LASF13:
 549 00d7 63795F6D 		.ascii	"cy_meta_custnvl\000"
 549      6574615F 
 549      63757374 
 549      6E766C00 
 550              	.LASF12:
 551 00e7 63795F6D 		.ascii	"cy_meta_configecc\000"
 551      6574615F 
 551      636F6E66 
 551      69676563 
 551      6300
 552              	.LASF8:
 553 00f9 756E7369 		.ascii	"unsigned int\000"
 553      676E6564 
 553      20696E74 
 553      00
 554              	.LASF7:
 555 0106 6C6F6E67 		.ascii	"long long unsigned int\000"
 555      206C6F6E 
 555      6720756E 
 555      7369676E 
 555      65642069 
 556              	.LASF10:
 557 011d 75696E74 		.ascii	"uint8_t\000"
 557      385F7400 
 558              	.LASF19:
 559 0125 433A5C55 		.ascii	"C:\\Users\\lthw148\\Downloads\\psoc student pack\\p"
 559      73657273 
 559      5C6C7468 
 559      77313438 
 559      5C446F77 
 560 0153 736F6320 		.ascii	"soc student pack\\lab exercise\\psoc_intro\\lab2.cy"
 560      73747564 
 560      656E7420 
 560      7061636B 
 560      5C6C6162 
 561 0183 64736E00 		.ascii	"dsn\000"
 562              	.LASF15:
 563 0187 63795F6D 		.ascii	"cy_meta_flashprotect\000"
 563      6574615F 
 563      666C6173 
 563      6870726F 
 563      74656374 
 564              	.LASF14:
 565 019c 63795F6D 		.ascii	"cy_meta_wonvl\000"
ARM GAS  C:\Users\lthw148\AppData\Local\Temp\ccoOEodk.s 			page 12


 565      6574615F 
 565      776F6E76 
 565      6C00
 566              	.LASF11:
 567 01aa 73697A65 		.ascii	"sizetype\000"
 567      74797065 
 567      00
 568              	.LASF6:
 569 01b3 6C6F6E67 		.ascii	"long long int\000"
 569      206C6F6E 
 569      6720696E 
 569      7400
 570              	.LASF2:
 571 01c1 73686F72 		.ascii	"short int\000"
 571      7420696E 
 571      7400
 572              	.LASF4:
 573 01cb 6C6F6E67 		.ascii	"long int\000"
 573      20696E74 
 573      00
 574              	.LASF0:
 575 01d4 7369676E 		.ascii	"signed char\000"
 575      65642063 
 575      68617200 
 576              	.LASF18:
 577 01e0 47656E65 		.ascii	"Generated_Source\\PSoC5\\cymetadata.c\000"
 577      72617465 
 577      645F536F 
 577      75726365 
 577      5C50536F 
 578              		.ident	"GCC: (GNU Tools for ARM Embedded Processors) 5.4.1 20160609 (release) [ARM/embedded-5-bran
