ARM GAS  C:\Users\lthw148\AppData\Local\Temp\ccGWtAkW.s 			page 1


   1              		.syntax unified
   2              		.cpu cortex-m3
   3              		.fpu softvfp
   4              		.eabi_attribute 20, 1
   5              		.eabi_attribute 21, 1
   6              		.eabi_attribute 23, 3
   7              		.eabi_attribute 24, 1
   8              		.eabi_attribute 25, 1
   9              		.eabi_attribute 26, 1
  10              		.eabi_attribute 30, 6
  11              		.eabi_attribute 34, 1
  12              		.eabi_attribute 18, 4
  13              		.thumb
  14              		.syntax unified
  15              		.file	"main.c"
  16              		.text
  17              	.Ltext0:
  18              		.cfi_sections	.debug_frame
  19              		.global	ts
  20              		.bss
  21              		.type	ts, %object
  22              		.size	ts, 1
  23              	ts:
  24 0000 00       		.space	1
  25              		.global	ts_enc
  26 0001 00       		.align	1
  27              		.type	ts_enc, %object
  28              		.size	ts_enc, 2
  29              	ts_enc:
  30 0002 0000     		.space	2
  31              		.global	ts_update
  32              		.align	1
  33              		.type	ts_update, %object
  34              		.size	ts_update, 2
  35              	ts_update:
  36 0004 0000     		.space	2
  37              		.global	ts_speed
  38              		.align	1
  39              		.type	ts_speed, %object
  40              		.size	ts_speed, 2
  41              	ts_speed:
  42 0006 0000     		.space	2
  43              		.global	ts_display
  44              		.align	1
  45              		.type	ts_display, %object
  46              		.size	ts_display, 2
  47              	ts_display:
  48 0008 0000     		.space	2
  49              		.global	flag_ts_enc
  50              		.type	flag_ts_enc, %object
  51              		.size	flag_ts_enc, 1
  52              	flag_ts_enc:
  53 000a 00       		.space	1
  54              		.global	flag_ts_update
  55              		.type	flag_ts_update, %object
  56              		.size	flag_ts_update, 1
  57              	flag_ts_update:
ARM GAS  C:\Users\lthw148\AppData\Local\Temp\ccGWtAkW.s 			page 2


  58 000b 00       		.space	1
  59              		.global	flag_ts_speed
  60              		.type	flag_ts_speed, %object
  61              		.size	flag_ts_speed, 1
  62              	flag_ts_speed:
  63 000c 00       		.space	1
  64              		.global	flag_ts_display
  65              		.type	flag_ts_display, %object
  66              		.size	flag_ts_display, 1
  67              	flag_ts_display:
  68 000d 00       		.space	1
  69              		.global	flag_rx
  70              		.type	flag_rx, %object
  71              		.size	flag_rx, 1
  72              	flag_rx:
  73 000e 00       		.space	1
  74              		.global	flag_packet
  75              		.type	flag_packet, %object
  76              		.size	flag_packet, 1
  77              	flag_packet:
  78 000f 00       		.space	1
  79              		.global	flag_KB_string
  80              		.type	flag_KB_string, %object
  81              		.size	flag_KB_string, 1
  82              	flag_KB_string:
  83 0010 00       		.space	1
  84              		.global	dataready_flag
  85              		.type	dataready_flag, %object
  86              		.size	dataready_flag, 1
  87              	dataready_flag:
  88 0011 00       		.space	1
  89              		.global	flag_rf_transmission_active
  90              		.data
  91              		.type	flag_rf_transmission_active, %object
  92              		.size	flag_rf_transmission_active, 1
  93              	flag_rf_transmission_active:
  94 0000 0A       		.byte	10
  95              		.global	displaystring
  96 0001 000000   		.align	2
  97              		.type	displaystring, %object
  98              		.size	displaystring, 64
  99              	displaystring:
 100 0004 43533330 		.ascii	"CS301 2024\012\000"
 100      31203230 
 100      32340A00 
 101 0010 00000000 		.space	52
 101      00000000 
 101      00000000 
 101      00000000 
 101      00000000 
 102              		.comm	line,64,4
 103              		.comm	entry,64,4
 104              		.comm	usbBuffer,64,4
 105              		.comm	system_state,32,4
 106              		.comm	result,2,2
 107              		.comm	num,1,1
 108              		.comm	i,1,1
ARM GAS  C:\Users\lthw148\AppData\Local\Temp\ccGWtAkW.s 			page 3


 109              		.comm	result_array,40,4
 110              		.section	.text.main,"ax",%progbits
 111              		.align	2
 112              		.global	main
 113              		.thumb
 114              		.thumb_func
 115              		.type	main, %function
 116              	main:
 117              	.LFB64:
 118              		.file 1 "main.c"
   1:main.c        **** /* ========================================
   2:main.c        ****  * Fully working code:
   3:main.c        ****  * PWM      :
   4:main.c        ****  * Encoder  :
   5:main.c        ****  * ADC      :
   6:main.c        ****  * USB      : port displays speed and position.
   7:main.c        ****  * CMD: "PW xx"
   8:main.c        ****  * Copyright Univ of Auckland, 2016
   9:main.c        ****  * All Rights Reserved
  10:main.c        ****  * UNPUBLISHED, LICENSED SOFTWARE.
  11:main.c        ****  *
  12:main.c        ****  * CONFIDENTIAL AND PROPRIETARY INFORMATION
  13:main.c        ****  * WHICH IS THE PROPERTY OF Univ of Auckland.
  14:main.c        ****  *
  15:main.c        ****  * ========================================
  16:main.c        **** */
  17:main.c        **** #include <stdio.h>
  18:main.c        **** #include <string.h>
  19:main.c        **** #include <stdlib.h>
  20:main.c        **** #include <project.h>
  21:main.c        **** #include <VDAC8_1.h>
  22:main.c        **** #include <Timer_TS.h>
  23:main.c        **** #include <isr_TS.h>
  24:main.c        **** //* ========================================
  25:main.c        **** #include "defines.h"
  26:main.c        **** #include "vars.h"
  27:main.c        **** #include <stdio.h>
  28:main.c        **** #include <stdint.h>
  29:main.c        **** #include <stdlib.h>
  30:main.c        **** //* ========================================
  31:main.c        **** void usbPutString(char *s);
  32:main.c        **** void usbPutChar(char c);
  33:main.c        **** void handle_usb();
  34:main.c        **** //* ========================================
  35:main.c        **** CY_ISR_PROTO(MyISR);
  36:main.c        **** 
  37:main.c        **** volatile uint16 result;
  38:main.c        **** volatile uint8 num;
  39:main.c        **** volatile uint8 i;
  40:main.c        **** volatile uint16 result_array [20];
  41:main.c        **** 
  42:main.c        **** int main()
  43:main.c        **** {
 119              		.loc 1 43 0
 120              		.cfi_startproc
 121              		@ args = 0, pretend = 0, frame = 0
 122              		@ frame_needed = 1, uses_anonymous_args = 0
ARM GAS  C:\Users\lthw148\AppData\Local\Temp\ccGWtAkW.s 			page 4


 123 0000 80B5     		push	{r7, lr}
 124              		.cfi_def_cfa_offset 8
 125              		.cfi_offset 7, -8
 126              		.cfi_offset 14, -4
 127 0002 00AF     		add	r7, sp, #0
 128              		.cfi_def_cfa_register 7
  44:main.c        **** //    while(1)
  45:main.c        **** //    {
  46:main.c        **** //        LED_Write(~LED_Read());
  47:main.c        **** //        CyDelay(2000);
  48:main.c        **** //    }
  49:main.c        **** 
  50:main.c        **** // --------------------------------    
  51:main.c        **** // ----- INITIALIZATIONS ----------
  52:main.c        ****     CYGlobalIntEnable;
 129              		.loc 1 52 0
 130              		.syntax unified
 131              	@ 52 "main.c" 1
 132 0004 62B6     		CPSIE   i
 133              	@ 0 "" 2
  53:main.c        **** 
  54:main.c        **** // ------USB SETUP ----------------    
  55:main.c        **** #ifdef USE_USB    
  56:main.c        ****     USBUART_Start(0,USBUART_5V_OPERATION);
 134              		.loc 1 56 0
 135              		.thumb
 136              		.syntax unified
 137 0006 0121     		movs	r1, #1
 138 0008 0020     		movs	r0, #0
 139 000a FFF7FEFF 		bl	USBUART_Start
  57:main.c        **** #endif        
  58:main.c        ****        
  59:main.c        ****     RF_BT_SELECT_Write(0);
 140              		.loc 1 59 0
 141 000e 0020     		movs	r0, #0
 142 0010 FFF7FEFF 		bl	RF_BT_SELECT_Write
  60:main.c        **** 
  61:main.c        ****     VDAC8_1_Start();
 143              		.loc 1 61 0
 144 0014 FFF7FEFF 		bl	VDAC8_1_Start
  62:main.c        ****     
  63:main.c        ****     Timer_TS_Start();
 145              		.loc 1 63 0
 146 0018 FFF7FEFF 		bl	Timer_TS_Start
  64:main.c        ****    
  65:main.c        ****     isr_TS_StartEx(MyISR);
 147              		.loc 1 65 0
 148 001c 0448     		ldr	r0, .L3
 149 001e FFF7FEFF 		bl	isr_TS_StartEx
  66:main.c        ****     
  67:main.c        ****     i=0;
 150              		.loc 1 67 0
 151 0022 044B     		ldr	r3, .L3+4
 152 0024 0022     		movs	r2, #0
 153 0026 1A70     		strb	r2, [r3]
 154              	.L2:
  68:main.c        ****    
ARM GAS  C:\Users\lthw148\AppData\Local\Temp\ccGWtAkW.s 			page 5


  69:main.c        ****    
  70:main.c        ****     for(;;)
  71:main.c        ****     {
  72:main.c        ****         
  73:main.c        **** 
  74:main.c        ****        
  75:main.c        ****         /* Place your application code here. */
  76:main.c        ****         handle_usb();
 155              		.loc 1 76 0 discriminator 1
 156 0028 FFF7FEFF 		bl	handle_usb
  77:main.c        ****         
  78:main.c        ****         
  79:main.c        ****         
  80:main.c        ****         //if (ADC_IsEndConversion(ADC_WAIT_FOR_RESULT) == 1)
  81:main.c        ****         //{
  82:main.c        ****             
  83:main.c        ****         //    result = ADC_GetResult16(1);
  84:main.c        ****         //    result_array[i]=result;
  85:main.c        ****         //    if (i==19){
  86:main.c        ****         //        i=0;
  87:main.c        ****         //    }
  88:main.c        ****             
  89:main.c        ****         //}
  90:main.c        ****         
  91:main.c        ****         //if (flag_KB_string == 1){
  92:main.c        ****         //    for (int j = 0; j < 20; j++) {
  93:main.c        ****         //        char buffer[10];
  94:main.c        ****         //        snprintf(buffer, sizeof(buffer), "%d\n", result_array[j]);
  95:main.c        ****         //        usbPutString(buffer);
  96:main.c        ****         //    }
  97:main.c        ****         //    flag_KB_string = 0; 
  98:main.c        ****     }  
 157              		.loc 1 98 0 discriminator 1
 158 002c FCE7     		b	.L2
 159              	.L4:
 160 002e 00BF     		.align	2
 161              	.L3:
 162 0030 00000000 		.word	MyISR
 163 0034 00000000 		.word	i
 164              		.cfi_endproc
 165              	.LFE64:
 166              		.size	main, .-main
 167              		.section	.text.MyISR,"ax",%progbits
 168              		.align	2
 169              		.global	MyISR
 170              		.thumb
 171              		.thumb_func
 172              		.type	MyISR, %function
 173              	MyISR:
 174              	.LFB65:
  99:main.c        **** }
 100:main.c        **** 
 101:main.c        **** 
 102:main.c        **** CY_ISR(MyISR){
 175              		.loc 1 102 0
 176              		.cfi_startproc
 177              		@ args = 0, pretend = 0, frame = 0
ARM GAS  C:\Users\lthw148\AppData\Local\Temp\ccGWtAkW.s 			page 6


 178              		@ frame_needed = 1, uses_anonymous_args = 0
 179 0000 80B5     		push	{r7, lr}
 180              		.cfi_def_cfa_offset 8
 181              		.cfi_offset 7, -8
 182              		.cfi_offset 14, -4
 183 0002 00AF     		add	r7, sp, #0
 184              		.cfi_def_cfa_register 7
 103:main.c        ****     
 104:main.c        ****     VDAC8_1_SetValue(i);
 185              		.loc 1 104 0
 186 0004 0C4B     		ldr	r3, .L7
 187 0006 1B78     		ldrb	r3, [r3]
 188 0008 DBB2     		uxtb	r3, r3
 189 000a 1846     		mov	r0, r3
 190 000c FFF7FEFF 		bl	VDAC8_1_SetValue
 105:main.c        ****     
 106:main.c        ****     i++;
 191              		.loc 1 106 0
 192 0010 094B     		ldr	r3, .L7
 193 0012 1B78     		ldrb	r3, [r3]
 194 0014 DBB2     		uxtb	r3, r3
 195 0016 0133     		adds	r3, r3, #1
 196 0018 DAB2     		uxtb	r2, r3
 197 001a 074B     		ldr	r3, .L7
 198 001c 1A70     		strb	r2, [r3]
 107:main.c        ****     
 108:main.c        ****     if (i == 150){
 199              		.loc 1 108 0
 200 001e 064B     		ldr	r3, .L7
 201 0020 1B78     		ldrb	r3, [r3]
 202 0022 DBB2     		uxtb	r3, r3
 203 0024 962B     		cmp	r3, #150
 204 0026 02D1     		bne	.L6
 109:main.c        ****         i=0;
 205              		.loc 1 109 0
 206 0028 034B     		ldr	r3, .L7
 207 002a 0022     		movs	r2, #0
 208 002c 1A70     		strb	r2, [r3]
 209              	.L6:
 110:main.c        ****     }
 111:main.c        ****     
 112:main.c        ****     Timer_TS_ReadStatusRegister();
 210              		.loc 1 112 0
 211 002e FFF7FEFF 		bl	Timer_TS_ReadStatusRegister
 113:main.c        ****    
 114:main.c        ****    
 115:main.c        ****     }
 212              		.loc 1 115 0
 213 0032 00BF     		nop
 214 0034 80BD     		pop	{r7, pc}
 215              	.L8:
 216 0036 00BF     		.align	2
 217              	.L7:
 218 0038 00000000 		.word	i
 219              		.cfi_endproc
 220              	.LFE65:
 221              		.size	MyISR, .-MyISR
ARM GAS  C:\Users\lthw148\AppData\Local\Temp\ccGWtAkW.s 			page 7


 222              		.section	.text.usbPutString,"ax",%progbits
 223              		.align	2
 224              		.global	usbPutString
 225              		.thumb
 226              		.thumb_func
 227              		.type	usbPutString, %function
 228              	usbPutString:
 229              	.LFB66:
 116:main.c        **** //* ========================================
 117:main.c        **** void usbPutString(char *s)
 118:main.c        **** {
 230              		.loc 1 118 0
 231              		.cfi_startproc
 232              		@ args = 0, pretend = 0, frame = 8
 233              		@ frame_needed = 1, uses_anonymous_args = 0
 234 0000 80B5     		push	{r7, lr}
 235              		.cfi_def_cfa_offset 8
 236              		.cfi_offset 7, -8
 237              		.cfi_offset 14, -4
 238 0002 82B0     		sub	sp, sp, #8
 239              		.cfi_def_cfa_offset 16
 240 0004 00AF     		add	r7, sp, #0
 241              		.cfi_def_cfa_register 7
 242 0006 7860     		str	r0, [r7, #4]
 119:main.c        **** // !! Assumes that *s is a string with allocated space >=64 chars    
 120:main.c        **** //  Since USB implementation retricts data packets to 64 chars, this function truncates the
 121:main.c        **** //  length to 62 char (63rd char is a '!')
 122:main.c        **** 
 123:main.c        **** #ifdef USE_USB    
 124:main.c        ****     while (USBUART_CDCIsReady() == 0);
 243              		.loc 1 124 0
 244 0008 00BF     		nop
 245              	.L10:
 246              		.loc 1 124 0 is_stmt 0 discriminator 1
 247 000a FFF7FEFF 		bl	USBUART_CDCIsReady
 248 000e 0346     		mov	r3, r0
 249 0010 002B     		cmp	r3, #0
 250 0012 FAD0     		beq	.L10
 125:main.c        ****     s[63]='\0';
 251              		.loc 1 125 0 is_stmt 1
 252 0014 7B68     		ldr	r3, [r7, #4]
 253 0016 3F33     		adds	r3, r3, #63
 254 0018 0022     		movs	r2, #0
 255 001a 1A70     		strb	r2, [r3]
 126:main.c        ****     s[62]='!';
 256              		.loc 1 126 0
 257 001c 7B68     		ldr	r3, [r7, #4]
 258 001e 3E33     		adds	r3, r3, #62
 259 0020 2122     		movs	r2, #33
 260 0022 1A70     		strb	r2, [r3]
 127:main.c        ****     USBUART_PutData((uint8*)s,strlen(s));
 261              		.loc 1 127 0
 262 0024 7868     		ldr	r0, [r7, #4]
 263 0026 FFF7FEFF 		bl	strlen
 264 002a 0346     		mov	r3, r0
 265 002c 9BB2     		uxth	r3, r3
 266 002e 1946     		mov	r1, r3
ARM GAS  C:\Users\lthw148\AppData\Local\Temp\ccGWtAkW.s 			page 8


 267 0030 7868     		ldr	r0, [r7, #4]
 268 0032 FFF7FEFF 		bl	USBUART_PutData
 128:main.c        **** #endif
 129:main.c        **** }
 269              		.loc 1 129 0
 270 0036 00BF     		nop
 271 0038 0837     		adds	r7, r7, #8
 272              		.cfi_def_cfa_offset 8
 273 003a BD46     		mov	sp, r7
 274              		.cfi_def_cfa_register 13
 275              		@ sp needed
 276 003c 80BD     		pop	{r7, pc}
 277              		.cfi_endproc
 278              	.LFE66:
 279              		.size	usbPutString, .-usbPutString
 280 003e 00BF     		.section	.text.usbPutChar,"ax",%progbits
 281              		.align	2
 282              		.global	usbPutChar
 283              		.thumb
 284              		.thumb_func
 285              		.type	usbPutChar, %function
 286              	usbPutChar:
 287              	.LFB67:
 130:main.c        **** //* ========================================
 131:main.c        **** void usbPutChar(char c)
 132:main.c        **** {
 288              		.loc 1 132 0
 289              		.cfi_startproc
 290              		@ args = 0, pretend = 0, frame = 8
 291              		@ frame_needed = 1, uses_anonymous_args = 0
 292 0000 80B5     		push	{r7, lr}
 293              		.cfi_def_cfa_offset 8
 294              		.cfi_offset 7, -8
 295              		.cfi_offset 14, -4
 296 0002 82B0     		sub	sp, sp, #8
 297              		.cfi_def_cfa_offset 16
 298 0004 00AF     		add	r7, sp, #0
 299              		.cfi_def_cfa_register 7
 300 0006 0346     		mov	r3, r0
 301 0008 FB71     		strb	r3, [r7, #7]
 133:main.c        **** #ifdef USE_USB    
 134:main.c        ****     while (USBUART_CDCIsReady() == 0);
 302              		.loc 1 134 0
 303 000a 00BF     		nop
 304              	.L12:
 305              		.loc 1 134 0 is_stmt 0 discriminator 1
 306 000c FFF7FEFF 		bl	USBUART_CDCIsReady
 307 0010 0346     		mov	r3, r0
 308 0012 002B     		cmp	r3, #0
 309 0014 FAD0     		beq	.L12
 135:main.c        ****     USBUART_PutChar(c);
 310              		.loc 1 135 0 is_stmt 1
 311 0016 FB79     		ldrb	r3, [r7, #7]	@ zero_extendqisi2
 312 0018 1846     		mov	r0, r3
 313 001a FFF7FEFF 		bl	USBUART_PutChar
 136:main.c        **** #endif    
 137:main.c        **** }
ARM GAS  C:\Users\lthw148\AppData\Local\Temp\ccGWtAkW.s 			page 9


 314              		.loc 1 137 0
 315 001e 00BF     		nop
 316 0020 0837     		adds	r7, r7, #8
 317              		.cfi_def_cfa_offset 8
 318 0022 BD46     		mov	sp, r7
 319              		.cfi_def_cfa_register 13
 320              		@ sp needed
 321 0024 80BD     		pop	{r7, pc}
 322              		.cfi_endproc
 323              	.LFE67:
 324              		.size	usbPutChar, .-usbPutChar
 325 0026 00BF     		.section	.text.handle_usb,"ax",%progbits
 326              		.align	2
 327              		.global	handle_usb
 328              		.thumb
 329              		.thumb_func
 330              		.type	handle_usb, %function
 331              	handle_usb:
 332              	.LFB68:
 138:main.c        **** //* ========================================
 139:main.c        **** void handle_usb()
 140:main.c        **** {
 333              		.loc 1 140 0
 334              		.cfi_startproc
 335              		@ args = 0, pretend = 0, frame = 8
 336              		@ frame_needed = 1, uses_anonymous_args = 0
 337 0000 80B5     		push	{r7, lr}
 338              		.cfi_def_cfa_offset 8
 339              		.cfi_offset 7, -8
 340              		.cfi_offset 14, -4
 341 0002 82B0     		sub	sp, sp, #8
 342              		.cfi_def_cfa_offset 16
 343 0004 00AF     		add	r7, sp, #0
 344              		.cfi_def_cfa_register 7
 141:main.c        ****     // handles input at terminal, echos it back to the terminal
 142:main.c        ****     // turn echo OFF, key emulation: only CR
 143:main.c        ****     // entered string is made available in 'line' and 'flag_KB_string' is set
 144:main.c        ****    
 145:main.c        ****     static uint8 usbStarted = FALSE;
 146:main.c        ****     static uint16 usbBufCount = 0;
 147:main.c        ****     uint8 c;
 148:main.c        ****    
 149:main.c        **** 
 150:main.c        ****     if (!usbStarted)
 345              		.loc 1 150 0
 346 0006 2B4B     		ldr	r3, .L23
 347 0008 1B78     		ldrb	r3, [r3]	@ zero_extendqisi2
 348 000a 002B     		cmp	r3, #0
 349 000c 0AD1     		bne	.L14
 151:main.c        ****     {
 152:main.c        ****         if (USBUART_GetConfiguration())
 350              		.loc 1 152 0
 351 000e FFF7FEFF 		bl	USBUART_GetConfiguration
 352 0012 0346     		mov	r3, r0
 353 0014 002B     		cmp	r3, #0
 354 0016 49D0     		beq	.L22
 153:main.c        ****         {
ARM GAS  C:\Users\lthw148\AppData\Local\Temp\ccGWtAkW.s 			page 10


 154:main.c        ****             USBUART_CDC_Init();
 355              		.loc 1 154 0
 356 0018 FFF7FEFF 		bl	USBUART_CDC_Init
 155:main.c        ****             usbStarted = TRUE;
 357              		.loc 1 155 0
 358 001c 254B     		ldr	r3, .L23
 359 001e 0122     		movs	r2, #1
 360 0020 1A70     		strb	r2, [r3]
 156:main.c        ****         }
 157:main.c        ****     }
 158:main.c        ****     else
 159:main.c        ****     {
 160:main.c        ****         if (USBUART_DataIsReady() != 0)
 161:main.c        ****         {  
 162:main.c        ****             c = USBUART_GetChar();
 163:main.c        **** 
 164:main.c        ****             if ((c == 13) || (c == 10))
 165:main.c        ****             {
 166:main.c        **** //                if (usbBufCount > 0)
 167:main.c        ****                 {
 168:main.c        ****                     entry[usbBufCount]= '\0';
 169:main.c        ****                     strcpy(line,entry);
 170:main.c        ****                     usbBufCount = 0;
 171:main.c        ****                     flag_KB_string = 1;
 172:main.c        ****                 }
 173:main.c        ****             }
 174:main.c        ****             else
 175:main.c        ****             {
 176:main.c        ****                 if (((c == CHAR_BACKSP) || (c == CHAR_DEL) ) && (usbBufCount > 0) )
 177:main.c        ****                     usbBufCount--;
 178:main.c        ****                 else
 179:main.c        ****                 {
 180:main.c        ****                     if (usbBufCount > (BUF_SIZE-2) ) // one less else strtok triggers a crash
 181:main.c        ****                     {
 182:main.c        ****                        USBUART_PutChar('!');        
 183:main.c        ****                     }
 184:main.c        ****                     else
 185:main.c        ****                         entry[usbBufCount++] = c;  
 186:main.c        ****                 }  
 187:main.c        ****             }
 188:main.c        ****         }
 189:main.c        ****     }    
 190:main.c        **** }
 361              		.loc 1 190 0
 362 0022 43E0     		b	.L22
 363              	.L14:
 160:main.c        ****         {  
 364              		.loc 1 160 0
 365 0024 FFF7FEFF 		bl	USBUART_DataIsReady
 366 0028 0346     		mov	r3, r0
 367 002a 002B     		cmp	r3, #0
 368 002c 3ED0     		beq	.L22
 162:main.c        **** 
 369              		.loc 1 162 0
 370 002e FFF7FEFF 		bl	USBUART_GetChar
 371 0032 0346     		mov	r3, r0
 372 0034 FB71     		strb	r3, [r7, #7]
ARM GAS  C:\Users\lthw148\AppData\Local\Temp\ccGWtAkW.s 			page 11


 164:main.c        ****             {
 373              		.loc 1 164 0
 374 0036 FB79     		ldrb	r3, [r7, #7]	@ zero_extendqisi2
 375 0038 0D2B     		cmp	r3, #13
 376 003a 02D0     		beq	.L17
 164:main.c        ****             {
 377              		.loc 1 164 0 is_stmt 0 discriminator 1
 378 003c FB79     		ldrb	r3, [r7, #7]	@ zero_extendqisi2
 379 003e 0A2B     		cmp	r3, #10
 380 0040 10D1     		bne	.L18
 381              	.L17:
 168:main.c        ****                     strcpy(line,entry);
 382              		.loc 1 168 0 is_stmt 1
 383 0042 1D4B     		ldr	r3, .L23+4
 384 0044 1B88     		ldrh	r3, [r3]
 385 0046 1A46     		mov	r2, r3
 386 0048 1C4B     		ldr	r3, .L23+8
 387 004a 0021     		movs	r1, #0
 388 004c 9954     		strb	r1, [r3, r2]
 169:main.c        ****                     usbBufCount = 0;
 389              		.loc 1 169 0
 390 004e 1B49     		ldr	r1, .L23+8
 391 0050 1B48     		ldr	r0, .L23+12
 392 0052 FFF7FEFF 		bl	strcpy
 170:main.c        ****                     flag_KB_string = 1;
 393              		.loc 1 170 0
 394 0056 184B     		ldr	r3, .L23+4
 395 0058 0022     		movs	r2, #0
 396 005a 1A80     		strh	r2, [r3]	@ movhi
 171:main.c        ****                 }
 397              		.loc 1 171 0
 398 005c 194B     		ldr	r3, .L23+16
 399 005e 0122     		movs	r2, #1
 400 0060 1A70     		strb	r2, [r3]
 401 0062 23E0     		b	.L16
 402              	.L18:
 176:main.c        ****                     usbBufCount--;
 403              		.loc 1 176 0
 404 0064 FB79     		ldrb	r3, [r7, #7]	@ zero_extendqisi2
 405 0066 082B     		cmp	r3, #8
 406 0068 02D0     		beq	.L19
 176:main.c        ****                     usbBufCount--;
 407              		.loc 1 176 0 is_stmt 0 discriminator 2
 408 006a FB79     		ldrb	r3, [r7, #7]	@ zero_extendqisi2
 409 006c 7F2B     		cmp	r3, #127
 410 006e 0AD1     		bne	.L20
 411              	.L19:
 176:main.c        ****                     usbBufCount--;
 412              		.loc 1 176 0 discriminator 3
 413 0070 114B     		ldr	r3, .L23+4
 414 0072 1B88     		ldrh	r3, [r3]
 415 0074 002B     		cmp	r3, #0
 416 0076 06D0     		beq	.L20
 177:main.c        ****                 else
 417              		.loc 1 177 0 is_stmt 1
 418 0078 0F4B     		ldr	r3, .L23+4
 419 007a 1B88     		ldrh	r3, [r3]
ARM GAS  C:\Users\lthw148\AppData\Local\Temp\ccGWtAkW.s 			page 12


 420 007c 013B     		subs	r3, r3, #1
 421 007e 9AB2     		uxth	r2, r3
 422 0080 0D4B     		ldr	r3, .L23+4
 423 0082 1A80     		strh	r2, [r3]	@ movhi
 424 0084 12E0     		b	.L16
 425              	.L20:
 180:main.c        ****                     {
 426              		.loc 1 180 0
 427 0086 0C4B     		ldr	r3, .L23+4
 428 0088 1B88     		ldrh	r3, [r3]
 429 008a 3E2B     		cmp	r3, #62
 430 008c 03D9     		bls	.L21
 182:main.c        ****                     }
 431              		.loc 1 182 0
 432 008e 2120     		movs	r0, #33
 433 0090 FFF7FEFF 		bl	USBUART_PutChar
 434              		.loc 1 190 0
 435 0094 0AE0     		b	.L22
 436              	.L21:
 185:main.c        ****                 }  
 437              		.loc 1 185 0
 438 0096 084B     		ldr	r3, .L23+4
 439 0098 1B88     		ldrh	r3, [r3]
 440 009a 5A1C     		adds	r2, r3, #1
 441 009c 91B2     		uxth	r1, r2
 442 009e 064A     		ldr	r2, .L23+4
 443 00a0 1180     		strh	r1, [r2]	@ movhi
 444 00a2 1946     		mov	r1, r3
 445 00a4 054A     		ldr	r2, .L23+8
 446 00a6 FB79     		ldrb	r3, [r7, #7]
 447 00a8 5354     		strb	r3, [r2, r1]
 448              		.loc 1 190 0
 449 00aa FFE7     		b	.L22
 450              	.L16:
 451              	.L22:
 452 00ac 00BF     		nop
 453 00ae 0837     		adds	r7, r7, #8
 454              		.cfi_def_cfa_offset 8
 455 00b0 BD46     		mov	sp, r7
 456              		.cfi_def_cfa_register 13
 457              		@ sp needed
 458 00b2 80BD     		pop	{r7, pc}
 459              	.L24:
 460              		.align	2
 461              	.L23:
 462 00b4 12000000 		.word	usbStarted.8183
 463 00b8 14000000 		.word	usbBufCount.8184
 464 00bc 00000000 		.word	entry
 465 00c0 00000000 		.word	line
 466 00c4 00000000 		.word	flag_KB_string
 467              		.cfi_endproc
 468              	.LFE68:
 469              		.size	handle_usb, .-handle_usb
 470              		.bss
 471              	usbStarted.8183:
 472 0012 00       		.space	1
 473 0013 00       		.align	1
ARM GAS  C:\Users\lthw148\AppData\Local\Temp\ccGWtAkW.s 			page 13


 474              	usbBufCount.8184:
 475 0014 0000     		.space	2
 476              		.text
 477              	.Letext0:
 478              		.file 2 "c:\\program files (x86)\\cypress\\psoc creator\\4.2\\psoc creator\\import\\gnu\\arm\\5.4.
 479              		.file 3 "c:\\program files (x86)\\cypress\\psoc creator\\4.2\\psoc creator\\import\\gnu\\arm\\5.4.
 480              		.file 4 "Generated_Source\\PSoC5/cytypes.h"
 481              		.file 5 "vars.h"
 482              		.file 6 "Generated_Source\\PSoC5/core_cm3.h"
 483              		.section	.debug_info,"",%progbits
 484              	.Ldebug_info0:
 485 0000 32040000 		.4byte	0x432
 486 0004 0400     		.2byte	0x4
 487 0006 00000000 		.4byte	.Ldebug_abbrev0
 488 000a 04       		.byte	0x4
 489 000b 01       		.uleb128 0x1
 490 000c 6C000000 		.4byte	.LASF64
 491 0010 0C       		.byte	0xc
 492 0011 28030000 		.4byte	.LASF65
 493 0015 9D010000 		.4byte	.LASF66
 494 0019 00000000 		.4byte	.Ldebug_ranges0+0
 495 001d 00000000 		.4byte	0
 496 0021 00000000 		.4byte	.Ldebug_line0
 497 0025 02       		.uleb128 0x2
 498 0026 01       		.byte	0x1
 499 0027 06       		.byte	0x6
 500 0028 65020000 		.4byte	.LASF0
 501 002c 02       		.uleb128 0x2
 502 002d 01       		.byte	0x1
 503 002e 08       		.byte	0x8
 504 002f 3F020000 		.4byte	.LASF1
 505 0033 02       		.uleb128 0x2
 506 0034 02       		.byte	0x2
 507 0035 05       		.byte	0x5
 508 0036 42000000 		.4byte	.LASF2
 509 003a 02       		.uleb128 0x2
 510 003b 02       		.byte	0x2
 511 003c 07       		.byte	0x7
 512 003d C1020000 		.4byte	.LASF3
 513 0041 03       		.uleb128 0x3
 514 0042 61030000 		.4byte	.LASF12
 515 0046 02       		.byte	0x2
 516 0047 3F       		.byte	0x3f
 517 0048 4C000000 		.4byte	0x4c
 518 004c 02       		.uleb128 0x2
 519 004d 04       		.byte	0x4
 520 004e 05       		.byte	0x5
 521 004f 7C010000 		.4byte	.LASF4
 522 0053 02       		.uleb128 0x2
 523 0054 04       		.byte	0x4
 524 0055 07       		.byte	0x7
 525 0056 2F030000 		.4byte	.LASF5
 526 005a 02       		.uleb128 0x2
 527 005b 08       		.byte	0x8
 528 005c 05       		.byte	0x5
 529 005d 30010000 		.4byte	.LASF6
 530 0061 02       		.uleb128 0x2
ARM GAS  C:\Users\lthw148\AppData\Local\Temp\ccGWtAkW.s 			page 14


 531 0062 08       		.byte	0x8
 532 0063 07       		.byte	0x7
 533 0064 71020000 		.4byte	.LASF7
 534 0068 04       		.uleb128 0x4
 535 0069 04       		.byte	0x4
 536 006a 05       		.byte	0x5
 537 006b 696E7400 		.ascii	"int\000"
 538 006f 02       		.uleb128 0x2
 539 0070 04       		.byte	0x4
 540 0071 07       		.byte	0x7
 541 0072 88020000 		.4byte	.LASF8
 542 0076 02       		.uleb128 0x2
 543 0077 08       		.byte	0x8
 544 0078 04       		.byte	0x4
 545 0079 2D020000 		.4byte	.LASF9
 546 007d 02       		.uleb128 0x2
 547 007e 04       		.byte	0x4
 548 007f 07       		.byte	0x7
 549 0080 59000000 		.4byte	.LASF10
 550 0084 05       		.uleb128 0x5
 551 0085 04       		.byte	0x4
 552 0086 8A000000 		.4byte	0x8a
 553 008a 02       		.uleb128 0x2
 554 008b 01       		.byte	0x1
 555 008c 08       		.byte	0x8
 556 008d DE020000 		.4byte	.LASF11
 557 0091 03       		.uleb128 0x3
 558 0092 EE020000 		.4byte	.LASF13
 559 0096 03       		.byte	0x3
 560 0097 2C       		.byte	0x2c
 561 0098 41000000 		.4byte	0x41
 562 009c 06       		.uleb128 0x6
 563 009d 12010000 		.4byte	.LASF14
 564 00a1 04       		.byte	0x4
 565 00a2 E701     		.2byte	0x1e7
 566 00a4 2C000000 		.4byte	0x2c
 567 00a8 06       		.uleb128 0x6
 568 00a9 FF000000 		.4byte	.LASF15
 569 00ad 04       		.byte	0x4
 570 00ae E801     		.2byte	0x1e8
 571 00b0 3A000000 		.4byte	0x3a
 572 00b4 06       		.uleb128 0x6
 573 00b5 4B010000 		.4byte	.LASF16
 574 00b9 04       		.byte	0x4
 575 00ba EA01     		.2byte	0x1ea
 576 00bc 25000000 		.4byte	0x25
 577 00c0 06       		.uleb128 0x6
 578 00c1 0C010000 		.4byte	.LASF17
 579 00c5 04       		.byte	0x4
 580 00c6 EB01     		.2byte	0x1eb
 581 00c8 33000000 		.4byte	0x33
 582 00cc 02       		.uleb128 0x2
 583 00cd 04       		.byte	0x4
 584 00ce 04       		.byte	0x4
 585 00cf 2A010000 		.4byte	.LASF18
 586 00d3 02       		.uleb128 0x2
 587 00d4 08       		.byte	0x8
ARM GAS  C:\Users\lthw148\AppData\Local\Temp\ccGWtAkW.s 			page 15


 588 00d5 04       		.byte	0x4
 589 00d6 19000000 		.4byte	.LASF19
 590 00da 07       		.uleb128 0x7
 591 00db 9C000000 		.4byte	0x9c
 592 00df 07       		.uleb128 0x7
 593 00e0 A8000000 		.4byte	0xa8
 594 00e4 08       		.uleb128 0x8
 595 00e5 D4020000 		.4byte	.LASF67
 596 00e9 20       		.byte	0x20
 597 00ea 05       		.byte	0x5
 598 00eb 29       		.byte	0x29
 599 00ec BD010000 		.4byte	0x1bd
 600 00f0 09       		.uleb128 0x9
 601 00f1 D4030000 		.4byte	.LASF20
 602 00f5 05       		.byte	0x5
 603 00f6 2A       		.byte	0x2a
 604 00f7 B4000000 		.4byte	0xb4
 605 00fb 00       		.byte	0
 606 00fc 09       		.uleb128 0x9
 607 00fd 06010000 		.4byte	.LASF21
 608 0101 05       		.byte	0x5
 609 0102 2B       		.byte	0x2b
 610 0103 9C000000 		.4byte	0x9c
 611 0107 01       		.byte	0x1
 612 0108 09       		.uleb128 0x9
 613 0109 E3020000 		.4byte	.LASF22
 614 010d 05       		.byte	0x5
 615 010e 2C       		.byte	0x2c
 616 010f C0000000 		.4byte	0xc0
 617 0113 02       		.byte	0x2
 618 0114 09       		.uleb128 0x9
 619 0115 AF030000 		.4byte	.LASF23
 620 0119 05       		.byte	0x5
 621 011a 2D       		.byte	0x2d
 622 011b C0000000 		.4byte	0xc0
 623 011f 04       		.byte	0x4
 624 0120 09       		.uleb128 0x9
 625 0121 D9030000 		.4byte	.LASF24
 626 0125 05       		.byte	0x5
 627 0126 2E       		.byte	0x2e
 628 0127 C0000000 		.4byte	0xc0
 629 012b 06       		.byte	0x6
 630 012c 09       		.uleb128 0x9
 631 012d 74010000 		.4byte	.LASF25
 632 0131 05       		.byte	0x5
 633 0132 2F       		.byte	0x2f
 634 0133 C0000000 		.4byte	0xc0
 635 0137 08       		.byte	0x8
 636 0138 09       		.uleb128 0x9
 637 0139 6B030000 		.4byte	.LASF26
 638 013d 05       		.byte	0x5
 639 013e 30       		.byte	0x30
 640 013f C0000000 		.4byte	0xc0
 641 0143 0A       		.byte	0xa
 642 0144 09       		.uleb128 0x9
 643 0145 4D020000 		.4byte	.LASF27
 644 0149 05       		.byte	0x5
ARM GAS  C:\Users\lthw148\AppData\Local\Temp\ccGWtAkW.s 			page 16


 645 014a 31       		.byte	0x31
 646 014b C0000000 		.4byte	0xc0
 647 014f 0C       		.byte	0xc
 648 0150 09       		.uleb128 0x9
 649 0151 67010000 		.4byte	.LASF28
 650 0155 05       		.byte	0x5
 651 0156 32       		.byte	0x32
 652 0157 C0000000 		.4byte	0xc0
 653 015b 0E       		.byte	0xe
 654 015c 09       		.uleb128 0x9
 655 015d B9020000 		.4byte	.LASF29
 656 0161 05       		.byte	0x5
 657 0162 33       		.byte	0x33
 658 0163 C0000000 		.4byte	0xc0
 659 0167 10       		.byte	0x10
 660 0168 09       		.uleb128 0x9
 661 0169 F6020000 		.4byte	.LASF30
 662 016d 05       		.byte	0x5
 663 016e 34       		.byte	0x34
 664 016f C0000000 		.4byte	0xc0
 665 0173 12       		.byte	0x12
 666 0174 09       		.uleb128 0x9
 667 0175 0B030000 		.4byte	.LASF31
 668 0179 05       		.byte	0x5
 669 017a 35       		.byte	0x35
 670 017b C0000000 		.4byte	0xc0
 671 017f 14       		.byte	0x14
 672 0180 09       		.uleb128 0x9
 673 0181 18010000 		.4byte	.LASF32
 674 0185 05       		.byte	0x5
 675 0186 36       		.byte	0x36
 676 0187 C0000000 		.4byte	0xc0
 677 018b 16       		.byte	0x16
 678 018c 09       		.uleb128 0x9
 679 018d 3A000000 		.4byte	.LASF33
 680 0191 05       		.byte	0x5
 681 0192 37       		.byte	0x37
 682 0193 C0000000 		.4byte	0xc0
 683 0197 18       		.byte	0x18
 684 0198 09       		.uleb128 0x9
 685 0199 5F010000 		.4byte	.LASF34
 686 019d 05       		.byte	0x5
 687 019e 38       		.byte	0x38
 688 019f C0000000 		.4byte	0xc0
 689 01a3 1A       		.byte	0x1a
 690 01a4 09       		.uleb128 0x9
 691 01a5 B0020000 		.4byte	.LASF35
 692 01a9 05       		.byte	0x5
 693 01aa 39       		.byte	0x39
 694 01ab C0000000 		.4byte	0xc0
 695 01af 1C       		.byte	0x1c
 696 01b0 09       		.uleb128 0x9
 697 01b1 FE020000 		.4byte	.LASF36
 698 01b5 05       		.byte	0x5
 699 01b6 3A       		.byte	0x3a
 700 01b7 C0000000 		.4byte	0xc0
 701 01bb 1E       		.byte	0x1e
ARM GAS  C:\Users\lthw148\AppData\Local\Temp\ccGWtAkW.s 			page 17


 702 01bc 00       		.byte	0
 703 01bd 0A       		.uleb128 0xa
 704 01be FA000000 		.4byte	.LASF37
 705 01c2 01       		.byte	0x1
 706 01c3 2A       		.byte	0x2a
 707 01c4 68000000 		.4byte	0x68
 708 01c8 00000000 		.4byte	.LFB64
 709 01cc 38000000 		.4byte	.LFE64-.LFB64
 710 01d0 01       		.uleb128 0x1
 711 01d1 9C       		.byte	0x9c
 712 01d2 0B       		.uleb128 0xb
 713 01d3 22030000 		.4byte	.LASF38
 714 01d7 01       		.byte	0x1
 715 01d8 66       		.byte	0x66
 716 01d9 00000000 		.4byte	.LFB65
 717 01dd 3C000000 		.4byte	.LFE65-.LFB65
 718 01e1 01       		.uleb128 0x1
 719 01e2 9C       		.byte	0x9c
 720 01e3 0C       		.uleb128 0xc
 721 01e4 3E010000 		.4byte	.LASF39
 722 01e8 01       		.byte	0x1
 723 01e9 75       		.byte	0x75
 724 01ea 00000000 		.4byte	.LFB66
 725 01ee 3E000000 		.4byte	.LFE66-.LFB66
 726 01f2 01       		.uleb128 0x1
 727 01f3 9C       		.byte	0x9c
 728 01f4 05020000 		.4byte	0x205
 729 01f8 0D       		.uleb128 0xd
 730 01f9 7300     		.ascii	"s\000"
 731 01fb 01       		.byte	0x1
 732 01fc 75       		.byte	0x75
 733 01fd 84000000 		.4byte	0x84
 734 0201 02       		.uleb128 0x2
 735 0202 91       		.byte	0x91
 736 0203 74       		.sleb128 -12
 737 0204 00       		.byte	0
 738 0205 0C       		.uleb128 0xc
 739 0206 00000000 		.4byte	.LASF40
 740 020a 01       		.byte	0x1
 741 020b 83       		.byte	0x83
 742 020c 00000000 		.4byte	.LFB67
 743 0210 26000000 		.4byte	.LFE67-.LFB67
 744 0214 01       		.uleb128 0x1
 745 0215 9C       		.byte	0x9c
 746 0216 27020000 		.4byte	0x227
 747 021a 0D       		.uleb128 0xd
 748 021b 6300     		.ascii	"c\000"
 749 021d 01       		.byte	0x1
 750 021e 83       		.byte	0x83
 751 021f 8A000000 		.4byte	0x8a
 752 0223 02       		.uleb128 0x2
 753 0224 91       		.byte	0x91
 754 0225 77       		.sleb128 -9
 755 0226 00       		.byte	0
 756 0227 0E       		.uleb128 0xe
 757 0228 88030000 		.4byte	.LASF68
 758 022c 01       		.byte	0x1
ARM GAS  C:\Users\lthw148\AppData\Local\Temp\ccGWtAkW.s 			page 18


 759 022d 8B       		.byte	0x8b
 760 022e 00000000 		.4byte	.LFB68
 761 0232 C8000000 		.4byte	.LFE68-.LFB68
 762 0236 01       		.uleb128 0x1
 763 0237 9C       		.byte	0x9c
 764 0238 6B020000 		.4byte	0x26b
 765 023c 0F       		.uleb128 0xf
 766 023d 41030000 		.4byte	.LASF41
 767 0241 01       		.byte	0x1
 768 0242 91       		.byte	0x91
 769 0243 9C000000 		.4byte	0x9c
 770 0247 05       		.uleb128 0x5
 771 0248 03       		.byte	0x3
 772 0249 12000000 		.4byte	usbStarted.8183
 773 024d 0F       		.uleb128 0xf
 774 024e A4020000 		.4byte	.LASF42
 775 0252 01       		.byte	0x1
 776 0253 92       		.byte	0x92
 777 0254 A8000000 		.4byte	0xa8
 778 0258 05       		.uleb128 0x5
 779 0259 03       		.byte	0x3
 780 025a 14000000 		.4byte	usbBufCount.8184
 781 025e 10       		.uleb128 0x10
 782 025f 6300     		.ascii	"c\000"
 783 0261 01       		.byte	0x1
 784 0262 93       		.byte	0x93
 785 0263 9C000000 		.4byte	0x9c
 786 0267 02       		.uleb128 0x2
 787 0268 91       		.byte	0x91
 788 0269 77       		.sleb128 -9
 789 026a 00       		.byte	0
 790 026b 11       		.uleb128 0x11
 791 026c BA030000 		.4byte	.LASF43
 792 0270 06       		.byte	0x6
 793 0271 1207     		.2byte	0x712
 794 0273 77020000 		.4byte	0x277
 795 0277 07       		.uleb128 0x7
 796 0278 91000000 		.4byte	0x91
 797 027c 12       		.uleb128 0x12
 798 027d 747300   		.ascii	"ts\000"
 799 0280 05       		.byte	0x5
 800 0281 10       		.byte	0x10
 801 0282 9C000000 		.4byte	0x9c
 802 0286 05       		.uleb128 0x5
 803 0287 03       		.byte	0x3
 804 0288 00000000 		.4byte	ts
 805 028c 13       		.uleb128 0x13
 806 028d 12000000 		.4byte	.LASF44
 807 0291 05       		.byte	0x5
 808 0292 11       		.byte	0x11
 809 0293 A8000000 		.4byte	0xa8
 810 0297 05       		.uleb128 0x5
 811 0298 03       		.byte	0x3
 812 0299 00000000 		.4byte	ts_enc
 813 029d 13       		.uleb128 0x13
 814 029e 7E030000 		.4byte	.LASF45
 815 02a2 05       		.byte	0x5
ARM GAS  C:\Users\lthw148\AppData\Local\Temp\ccGWtAkW.s 			page 19


 816 02a3 12       		.byte	0x12
 817 02a4 A8000000 		.4byte	0xa8
 818 02a8 05       		.uleb128 0x5
 819 02a9 03       		.byte	0x3
 820 02aa 00000000 		.4byte	ts_update
 821 02ae 13       		.uleb128 0x13
 822 02af 4C030000 		.4byte	.LASF46
 823 02b3 05       		.byte	0x5
 824 02b4 13       		.byte	0x13
 825 02b5 A8000000 		.4byte	0xa8
 826 02b9 05       		.uleb128 0x5
 827 02ba 03       		.byte	0x3
 828 02bb 00000000 		.4byte	ts_speed
 829 02bf 13       		.uleb128 0x13
 830 02c0 73030000 		.4byte	.LASF47
 831 02c4 05       		.byte	0x5
 832 02c5 14       		.byte	0x14
 833 02c6 A8000000 		.4byte	0xa8
 834 02ca 05       		.uleb128 0x5
 835 02cb 03       		.byte	0x3
 836 02cc 00000000 		.4byte	ts_display
 837 02d0 13       		.uleb128 0x13
 838 02d1 55030000 		.4byte	.LASF48
 839 02d5 05       		.byte	0x5
 840 02d6 16       		.byte	0x16
 841 02d7 9C000000 		.4byte	0x9c
 842 02db 05       		.uleb128 0x5
 843 02dc 03       		.byte	0x3
 844 02dd 00000000 		.4byte	flag_ts_enc
 845 02e1 13       		.uleb128 0x13
 846 02e2 50010000 		.4byte	.LASF49
 847 02e6 05       		.byte	0x5
 848 02e7 17       		.byte	0x17
 849 02e8 9C000000 		.4byte	0x9c
 850 02ec 05       		.uleb128 0x5
 851 02ed 03       		.byte	0x3
 852 02ee 00000000 		.4byte	flag_ts_update
 853 02f2 13       		.uleb128 0x13
 854 02f3 2C000000 		.4byte	.LASF50
 855 02f7 05       		.byte	0x5
 856 02f8 18       		.byte	0x18
 857 02f9 9C000000 		.4byte	0x9c
 858 02fd 05       		.uleb128 0x5
 859 02fe 03       		.byte	0x3
 860 02ff 00000000 		.4byte	flag_ts_speed
 861 0303 13       		.uleb128 0x13
 862 0304 85010000 		.4byte	.LASF51
 863 0308 05       		.byte	0x5
 864 0309 19       		.byte	0x19
 865 030a 9C000000 		.4byte	0x9c
 866 030e 05       		.uleb128 0x5
 867 030f 03       		.byte	0x3
 868 0310 00000000 		.4byte	flag_ts_display
 869 0314 13       		.uleb128 0x13
 870 0315 95010000 		.4byte	.LASF52
 871 0319 05       		.byte	0x5
 872 031a 1C       		.byte	0x1c
ARM GAS  C:\Users\lthw148\AppData\Local\Temp\ccGWtAkW.s 			page 20


 873 031b 9C000000 		.4byte	0x9c
 874 031f 05       		.uleb128 0x5
 875 0320 03       		.byte	0x3
 876 0321 00000000 		.4byte	flag_rx
 877 0325 13       		.uleb128 0x13
 878 0326 20000000 		.4byte	.LASF53
 879 032a 05       		.byte	0x5
 880 032b 1D       		.byte	0x1d
 881 032c 9C000000 		.4byte	0x9c
 882 0330 05       		.uleb128 0x5
 883 0331 03       		.byte	0x3
 884 0332 00000000 		.4byte	flag_packet
 885 0336 13       		.uleb128 0x13
 886 0337 95020000 		.4byte	.LASF54
 887 033b 05       		.byte	0x5
 888 033c 1E       		.byte	0x1e
 889 033d 9C000000 		.4byte	0x9c
 890 0341 05       		.uleb128 0x5
 891 0342 03       		.byte	0x3
 892 0343 00000000 		.4byte	flag_KB_string
 893 0347 13       		.uleb128 0x13
 894 0348 56020000 		.4byte	.LASF55
 895 034c 05       		.byte	0x5
 896 034d 20       		.byte	0x20
 897 034e 9C000000 		.4byte	0x9c
 898 0352 05       		.uleb128 0x5
 899 0353 03       		.byte	0x3
 900 0354 00000000 		.4byte	dataready_flag
 901 0358 13       		.uleb128 0x13
 902 0359 93030000 		.4byte	.LASF56
 903 035d 05       		.byte	0x5
 904 035e 22       		.byte	0x22
 905 035f 9C000000 		.4byte	0x9c
 906 0363 05       		.uleb128 0x5
 907 0364 03       		.byte	0x3
 908 0365 00000000 		.4byte	flag_rf_transmission_active
 909 0369 14       		.uleb128 0x14
 910 036a 8A000000 		.4byte	0x8a
 911 036e 79030000 		.4byte	0x379
 912 0372 15       		.uleb128 0x15
 913 0373 7D000000 		.4byte	0x7d
 914 0377 3F       		.byte	0x3f
 915 0378 00       		.byte	0
 916 0379 13       		.uleb128 0x13
 917 037a 14030000 		.4byte	.LASF57
 918 037e 05       		.byte	0x5
 919 037f 25       		.byte	0x25
 920 0380 69030000 		.4byte	0x369
 921 0384 05       		.uleb128 0x5
 922 0385 03       		.byte	0x3
 923 0386 00000000 		.4byte	displaystring
 924 038a 13       		.uleb128 0x13
 925 038b 25010000 		.4byte	.LASF58
 926 038f 05       		.byte	0x5
 927 0390 26       		.byte	0x26
 928 0391 69030000 		.4byte	0x369
 929 0395 05       		.uleb128 0x5
ARM GAS  C:\Users\lthw148\AppData\Local\Temp\ccGWtAkW.s 			page 21


 930 0396 03       		.byte	0x3
 931 0397 00000000 		.4byte	line
 932 039b 13       		.uleb128 0x13
 933 039c 39020000 		.4byte	.LASF59
 934 03a0 05       		.byte	0x5
 935 03a1 26       		.byte	0x26
 936 03a2 69030000 		.4byte	0x369
 937 03a6 05       		.uleb128 0x5
 938 03a7 03       		.byte	0x3
 939 03a8 00000000 		.4byte	entry
 940 03ac 14       		.uleb128 0x14
 941 03ad 9C000000 		.4byte	0x9c
 942 03b1 BC030000 		.4byte	0x3bc
 943 03b5 15       		.uleb128 0x15
 944 03b6 7D000000 		.4byte	0x7d
 945 03ba 3F       		.byte	0x3f
 946 03bb 00       		.byte	0
 947 03bc 13       		.uleb128 0x13
 948 03bd 62000000 		.4byte	.LASF60
 949 03c1 05       		.byte	0x5
 950 03c2 27       		.byte	0x27
 951 03c3 AC030000 		.4byte	0x3ac
 952 03c7 05       		.uleb128 0x5
 953 03c8 03       		.byte	0x3
 954 03c9 00000000 		.4byte	usbBuffer
 955 03cd 13       		.uleb128 0x13
 956 03ce 4C000000 		.4byte	.LASF61
 957 03d2 05       		.byte	0x5
 958 03d3 3C       		.byte	0x3c
 959 03d4 E4000000 		.4byte	0xe4
 960 03d8 05       		.uleb128 0x5
 961 03d9 03       		.byte	0x3
 962 03da 00000000 		.4byte	system_state
 963 03de 13       		.uleb128 0x13
 964 03df 0B000000 		.4byte	.LASF62
 965 03e3 01       		.byte	0x1
 966 03e4 25       		.byte	0x25
 967 03e5 DF000000 		.4byte	0xdf
 968 03e9 05       		.uleb128 0x5
 969 03ea 03       		.byte	0x3
 970 03eb 00000000 		.4byte	result
 971 03ef 12       		.uleb128 0x12
 972 03f0 6E756D00 		.ascii	"num\000"
 973 03f4 01       		.byte	0x1
 974 03f5 26       		.byte	0x26
 975 03f6 DA000000 		.4byte	0xda
 976 03fa 05       		.uleb128 0x5
 977 03fb 03       		.byte	0x3
 978 03fc 00000000 		.4byte	num
 979 0400 12       		.uleb128 0x12
 980 0401 6900     		.ascii	"i\000"
 981 0403 01       		.byte	0x1
 982 0404 27       		.byte	0x27
 983 0405 DA000000 		.4byte	0xda
 984 0409 05       		.uleb128 0x5
 985 040a 03       		.byte	0x3
 986 040b 00000000 		.4byte	i
ARM GAS  C:\Users\lthw148\AppData\Local\Temp\ccGWtAkW.s 			page 22


 987 040f 14       		.uleb128 0x14
 988 0410 DF000000 		.4byte	0xdf
 989 0414 1F040000 		.4byte	0x41f
 990 0418 15       		.uleb128 0x15
 991 0419 7D000000 		.4byte	0x7d
 992 041d 13       		.byte	0x13
 993 041e 00       		.byte	0
 994 041f 13       		.uleb128 0x13
 995 0420 C7030000 		.4byte	.LASF63
 996 0424 01       		.byte	0x1
 997 0425 28       		.byte	0x28
 998 0426 30040000 		.4byte	0x430
 999 042a 05       		.uleb128 0x5
 1000 042b 03       		.byte	0x3
 1001 042c 00000000 		.4byte	result_array
 1002 0430 07       		.uleb128 0x7
 1003 0431 0F040000 		.4byte	0x40f
 1004 0435 00       		.byte	0
 1005              		.section	.debug_abbrev,"",%progbits
 1006              	.Ldebug_abbrev0:
 1007 0000 01       		.uleb128 0x1
 1008 0001 11       		.uleb128 0x11
 1009 0002 01       		.byte	0x1
 1010 0003 25       		.uleb128 0x25
 1011 0004 0E       		.uleb128 0xe
 1012 0005 13       		.uleb128 0x13
 1013 0006 0B       		.uleb128 0xb
 1014 0007 03       		.uleb128 0x3
 1015 0008 0E       		.uleb128 0xe
 1016 0009 1B       		.uleb128 0x1b
 1017 000a 0E       		.uleb128 0xe
 1018 000b 55       		.uleb128 0x55
 1019 000c 17       		.uleb128 0x17
 1020 000d 11       		.uleb128 0x11
 1021 000e 01       		.uleb128 0x1
 1022 000f 10       		.uleb128 0x10
 1023 0010 17       		.uleb128 0x17
 1024 0011 00       		.byte	0
 1025 0012 00       		.byte	0
 1026 0013 02       		.uleb128 0x2
 1027 0014 24       		.uleb128 0x24
 1028 0015 00       		.byte	0
 1029 0016 0B       		.uleb128 0xb
 1030 0017 0B       		.uleb128 0xb
 1031 0018 3E       		.uleb128 0x3e
 1032 0019 0B       		.uleb128 0xb
 1033 001a 03       		.uleb128 0x3
 1034 001b 0E       		.uleb128 0xe
 1035 001c 00       		.byte	0
 1036 001d 00       		.byte	0
 1037 001e 03       		.uleb128 0x3
 1038 001f 16       		.uleb128 0x16
 1039 0020 00       		.byte	0
 1040 0021 03       		.uleb128 0x3
 1041 0022 0E       		.uleb128 0xe
 1042 0023 3A       		.uleb128 0x3a
 1043 0024 0B       		.uleb128 0xb
ARM GAS  C:\Users\lthw148\AppData\Local\Temp\ccGWtAkW.s 			page 23


 1044 0025 3B       		.uleb128 0x3b
 1045 0026 0B       		.uleb128 0xb
 1046 0027 49       		.uleb128 0x49
 1047 0028 13       		.uleb128 0x13
 1048 0029 00       		.byte	0
 1049 002a 00       		.byte	0
 1050 002b 04       		.uleb128 0x4
 1051 002c 24       		.uleb128 0x24
 1052 002d 00       		.byte	0
 1053 002e 0B       		.uleb128 0xb
 1054 002f 0B       		.uleb128 0xb
 1055 0030 3E       		.uleb128 0x3e
 1056 0031 0B       		.uleb128 0xb
 1057 0032 03       		.uleb128 0x3
 1058 0033 08       		.uleb128 0x8
 1059 0034 00       		.byte	0
 1060 0035 00       		.byte	0
 1061 0036 05       		.uleb128 0x5
 1062 0037 0F       		.uleb128 0xf
 1063 0038 00       		.byte	0
 1064 0039 0B       		.uleb128 0xb
 1065 003a 0B       		.uleb128 0xb
 1066 003b 49       		.uleb128 0x49
 1067 003c 13       		.uleb128 0x13
 1068 003d 00       		.byte	0
 1069 003e 00       		.byte	0
 1070 003f 06       		.uleb128 0x6
 1071 0040 16       		.uleb128 0x16
 1072 0041 00       		.byte	0
 1073 0042 03       		.uleb128 0x3
 1074 0043 0E       		.uleb128 0xe
 1075 0044 3A       		.uleb128 0x3a
 1076 0045 0B       		.uleb128 0xb
 1077 0046 3B       		.uleb128 0x3b
 1078 0047 05       		.uleb128 0x5
 1079 0048 49       		.uleb128 0x49
 1080 0049 13       		.uleb128 0x13
 1081 004a 00       		.byte	0
 1082 004b 00       		.byte	0
 1083 004c 07       		.uleb128 0x7
 1084 004d 35       		.uleb128 0x35
 1085 004e 00       		.byte	0
 1086 004f 49       		.uleb128 0x49
 1087 0050 13       		.uleb128 0x13
 1088 0051 00       		.byte	0
 1089 0052 00       		.byte	0
 1090 0053 08       		.uleb128 0x8
 1091 0054 13       		.uleb128 0x13
 1092 0055 01       		.byte	0x1
 1093 0056 03       		.uleb128 0x3
 1094 0057 0E       		.uleb128 0xe
 1095 0058 0B       		.uleb128 0xb
 1096 0059 0B       		.uleb128 0xb
 1097 005a 3A       		.uleb128 0x3a
 1098 005b 0B       		.uleb128 0xb
 1099 005c 3B       		.uleb128 0x3b
 1100 005d 0B       		.uleb128 0xb
ARM GAS  C:\Users\lthw148\AppData\Local\Temp\ccGWtAkW.s 			page 24


 1101 005e 01       		.uleb128 0x1
 1102 005f 13       		.uleb128 0x13
 1103 0060 00       		.byte	0
 1104 0061 00       		.byte	0
 1105 0062 09       		.uleb128 0x9
 1106 0063 0D       		.uleb128 0xd
 1107 0064 00       		.byte	0
 1108 0065 03       		.uleb128 0x3
 1109 0066 0E       		.uleb128 0xe
 1110 0067 3A       		.uleb128 0x3a
 1111 0068 0B       		.uleb128 0xb
 1112 0069 3B       		.uleb128 0x3b
 1113 006a 0B       		.uleb128 0xb
 1114 006b 49       		.uleb128 0x49
 1115 006c 13       		.uleb128 0x13
 1116 006d 38       		.uleb128 0x38
 1117 006e 0B       		.uleb128 0xb
 1118 006f 00       		.byte	0
 1119 0070 00       		.byte	0
 1120 0071 0A       		.uleb128 0xa
 1121 0072 2E       		.uleb128 0x2e
 1122 0073 00       		.byte	0
 1123 0074 3F       		.uleb128 0x3f
 1124 0075 19       		.uleb128 0x19
 1125 0076 03       		.uleb128 0x3
 1126 0077 0E       		.uleb128 0xe
 1127 0078 3A       		.uleb128 0x3a
 1128 0079 0B       		.uleb128 0xb
 1129 007a 3B       		.uleb128 0x3b
 1130 007b 0B       		.uleb128 0xb
 1131 007c 49       		.uleb128 0x49
 1132 007d 13       		.uleb128 0x13
 1133 007e 11       		.uleb128 0x11
 1134 007f 01       		.uleb128 0x1
 1135 0080 12       		.uleb128 0x12
 1136 0081 06       		.uleb128 0x6
 1137 0082 40       		.uleb128 0x40
 1138 0083 18       		.uleb128 0x18
 1139 0084 9642     		.uleb128 0x2116
 1140 0086 19       		.uleb128 0x19
 1141 0087 00       		.byte	0
 1142 0088 00       		.byte	0
 1143 0089 0B       		.uleb128 0xb
 1144 008a 2E       		.uleb128 0x2e
 1145 008b 00       		.byte	0
 1146 008c 3F       		.uleb128 0x3f
 1147 008d 19       		.uleb128 0x19
 1148 008e 03       		.uleb128 0x3
 1149 008f 0E       		.uleb128 0xe
 1150 0090 3A       		.uleb128 0x3a
 1151 0091 0B       		.uleb128 0xb
 1152 0092 3B       		.uleb128 0x3b
 1153 0093 0B       		.uleb128 0xb
 1154 0094 27       		.uleb128 0x27
 1155 0095 19       		.uleb128 0x19
 1156 0096 11       		.uleb128 0x11
 1157 0097 01       		.uleb128 0x1
ARM GAS  C:\Users\lthw148\AppData\Local\Temp\ccGWtAkW.s 			page 25


 1158 0098 12       		.uleb128 0x12
 1159 0099 06       		.uleb128 0x6
 1160 009a 40       		.uleb128 0x40
 1161 009b 18       		.uleb128 0x18
 1162 009c 9642     		.uleb128 0x2116
 1163 009e 19       		.uleb128 0x19
 1164 009f 00       		.byte	0
 1165 00a0 00       		.byte	0
 1166 00a1 0C       		.uleb128 0xc
 1167 00a2 2E       		.uleb128 0x2e
 1168 00a3 01       		.byte	0x1
 1169 00a4 3F       		.uleb128 0x3f
 1170 00a5 19       		.uleb128 0x19
 1171 00a6 03       		.uleb128 0x3
 1172 00a7 0E       		.uleb128 0xe
 1173 00a8 3A       		.uleb128 0x3a
 1174 00a9 0B       		.uleb128 0xb
 1175 00aa 3B       		.uleb128 0x3b
 1176 00ab 0B       		.uleb128 0xb
 1177 00ac 27       		.uleb128 0x27
 1178 00ad 19       		.uleb128 0x19
 1179 00ae 11       		.uleb128 0x11
 1180 00af 01       		.uleb128 0x1
 1181 00b0 12       		.uleb128 0x12
 1182 00b1 06       		.uleb128 0x6
 1183 00b2 40       		.uleb128 0x40
 1184 00b3 18       		.uleb128 0x18
 1185 00b4 9642     		.uleb128 0x2116
 1186 00b6 19       		.uleb128 0x19
 1187 00b7 01       		.uleb128 0x1
 1188 00b8 13       		.uleb128 0x13
 1189 00b9 00       		.byte	0
 1190 00ba 00       		.byte	0
 1191 00bb 0D       		.uleb128 0xd
 1192 00bc 05       		.uleb128 0x5
 1193 00bd 00       		.byte	0
 1194 00be 03       		.uleb128 0x3
 1195 00bf 08       		.uleb128 0x8
 1196 00c0 3A       		.uleb128 0x3a
 1197 00c1 0B       		.uleb128 0xb
 1198 00c2 3B       		.uleb128 0x3b
 1199 00c3 0B       		.uleb128 0xb
 1200 00c4 49       		.uleb128 0x49
 1201 00c5 13       		.uleb128 0x13
 1202 00c6 02       		.uleb128 0x2
 1203 00c7 18       		.uleb128 0x18
 1204 00c8 00       		.byte	0
 1205 00c9 00       		.byte	0
 1206 00ca 0E       		.uleb128 0xe
 1207 00cb 2E       		.uleb128 0x2e
 1208 00cc 01       		.byte	0x1
 1209 00cd 3F       		.uleb128 0x3f
 1210 00ce 19       		.uleb128 0x19
 1211 00cf 03       		.uleb128 0x3
 1212 00d0 0E       		.uleb128 0xe
 1213 00d1 3A       		.uleb128 0x3a
 1214 00d2 0B       		.uleb128 0xb
ARM GAS  C:\Users\lthw148\AppData\Local\Temp\ccGWtAkW.s 			page 26


 1215 00d3 3B       		.uleb128 0x3b
 1216 00d4 0B       		.uleb128 0xb
 1217 00d5 11       		.uleb128 0x11
 1218 00d6 01       		.uleb128 0x1
 1219 00d7 12       		.uleb128 0x12
 1220 00d8 06       		.uleb128 0x6
 1221 00d9 40       		.uleb128 0x40
 1222 00da 18       		.uleb128 0x18
 1223 00db 9642     		.uleb128 0x2116
 1224 00dd 19       		.uleb128 0x19
 1225 00de 01       		.uleb128 0x1
 1226 00df 13       		.uleb128 0x13
 1227 00e0 00       		.byte	0
 1228 00e1 00       		.byte	0
 1229 00e2 0F       		.uleb128 0xf
 1230 00e3 34       		.uleb128 0x34
 1231 00e4 00       		.byte	0
 1232 00e5 03       		.uleb128 0x3
 1233 00e6 0E       		.uleb128 0xe
 1234 00e7 3A       		.uleb128 0x3a
 1235 00e8 0B       		.uleb128 0xb
 1236 00e9 3B       		.uleb128 0x3b
 1237 00ea 0B       		.uleb128 0xb
 1238 00eb 49       		.uleb128 0x49
 1239 00ec 13       		.uleb128 0x13
 1240 00ed 02       		.uleb128 0x2
 1241 00ee 18       		.uleb128 0x18
 1242 00ef 00       		.byte	0
 1243 00f0 00       		.byte	0
 1244 00f1 10       		.uleb128 0x10
 1245 00f2 34       		.uleb128 0x34
 1246 00f3 00       		.byte	0
 1247 00f4 03       		.uleb128 0x3
 1248 00f5 08       		.uleb128 0x8
 1249 00f6 3A       		.uleb128 0x3a
 1250 00f7 0B       		.uleb128 0xb
 1251 00f8 3B       		.uleb128 0x3b
 1252 00f9 0B       		.uleb128 0xb
 1253 00fa 49       		.uleb128 0x49
 1254 00fb 13       		.uleb128 0x13
 1255 00fc 02       		.uleb128 0x2
 1256 00fd 18       		.uleb128 0x18
 1257 00fe 00       		.byte	0
 1258 00ff 00       		.byte	0
 1259 0100 11       		.uleb128 0x11
 1260 0101 34       		.uleb128 0x34
 1261 0102 00       		.byte	0
 1262 0103 03       		.uleb128 0x3
 1263 0104 0E       		.uleb128 0xe
 1264 0105 3A       		.uleb128 0x3a
 1265 0106 0B       		.uleb128 0xb
 1266 0107 3B       		.uleb128 0x3b
 1267 0108 05       		.uleb128 0x5
 1268 0109 49       		.uleb128 0x49
 1269 010a 13       		.uleb128 0x13
 1270 010b 3F       		.uleb128 0x3f
 1271 010c 19       		.uleb128 0x19
ARM GAS  C:\Users\lthw148\AppData\Local\Temp\ccGWtAkW.s 			page 27


 1272 010d 3C       		.uleb128 0x3c
 1273 010e 19       		.uleb128 0x19
 1274 010f 00       		.byte	0
 1275 0110 00       		.byte	0
 1276 0111 12       		.uleb128 0x12
 1277 0112 34       		.uleb128 0x34
 1278 0113 00       		.byte	0
 1279 0114 03       		.uleb128 0x3
 1280 0115 08       		.uleb128 0x8
 1281 0116 3A       		.uleb128 0x3a
 1282 0117 0B       		.uleb128 0xb
 1283 0118 3B       		.uleb128 0x3b
 1284 0119 0B       		.uleb128 0xb
 1285 011a 49       		.uleb128 0x49
 1286 011b 13       		.uleb128 0x13
 1287 011c 3F       		.uleb128 0x3f
 1288 011d 19       		.uleb128 0x19
 1289 011e 02       		.uleb128 0x2
 1290 011f 18       		.uleb128 0x18
 1291 0120 00       		.byte	0
 1292 0121 00       		.byte	0
 1293 0122 13       		.uleb128 0x13
 1294 0123 34       		.uleb128 0x34
 1295 0124 00       		.byte	0
 1296 0125 03       		.uleb128 0x3
 1297 0126 0E       		.uleb128 0xe
 1298 0127 3A       		.uleb128 0x3a
 1299 0128 0B       		.uleb128 0xb
 1300 0129 3B       		.uleb128 0x3b
 1301 012a 0B       		.uleb128 0xb
 1302 012b 49       		.uleb128 0x49
 1303 012c 13       		.uleb128 0x13
 1304 012d 3F       		.uleb128 0x3f
 1305 012e 19       		.uleb128 0x19
 1306 012f 02       		.uleb128 0x2
 1307 0130 18       		.uleb128 0x18
 1308 0131 00       		.byte	0
 1309 0132 00       		.byte	0
 1310 0133 14       		.uleb128 0x14
 1311 0134 01       		.uleb128 0x1
 1312 0135 01       		.byte	0x1
 1313 0136 49       		.uleb128 0x49
 1314 0137 13       		.uleb128 0x13
 1315 0138 01       		.uleb128 0x1
 1316 0139 13       		.uleb128 0x13
 1317 013a 00       		.byte	0
 1318 013b 00       		.byte	0
 1319 013c 15       		.uleb128 0x15
 1320 013d 21       		.uleb128 0x21
 1321 013e 00       		.byte	0
 1322 013f 49       		.uleb128 0x49
 1323 0140 13       		.uleb128 0x13
 1324 0141 2F       		.uleb128 0x2f
 1325 0142 0B       		.uleb128 0xb
 1326 0143 00       		.byte	0
 1327 0144 00       		.byte	0
 1328 0145 00       		.byte	0
ARM GAS  C:\Users\lthw148\AppData\Local\Temp\ccGWtAkW.s 			page 28


 1329              		.section	.debug_aranges,"",%progbits
 1330 0000 3C000000 		.4byte	0x3c
 1331 0004 0200     		.2byte	0x2
 1332 0006 00000000 		.4byte	.Ldebug_info0
 1333 000a 04       		.byte	0x4
 1334 000b 00       		.byte	0
 1335 000c 0000     		.2byte	0
 1336 000e 0000     		.2byte	0
 1337 0010 00000000 		.4byte	.LFB64
 1338 0014 38000000 		.4byte	.LFE64-.LFB64
 1339 0018 00000000 		.4byte	.LFB65
 1340 001c 3C000000 		.4byte	.LFE65-.LFB65
 1341 0020 00000000 		.4byte	.LFB66
 1342 0024 3E000000 		.4byte	.LFE66-.LFB66
 1343 0028 00000000 		.4byte	.LFB67
 1344 002c 26000000 		.4byte	.LFE67-.LFB67
 1345 0030 00000000 		.4byte	.LFB68
 1346 0034 C8000000 		.4byte	.LFE68-.LFB68
 1347 0038 00000000 		.4byte	0
 1348 003c 00000000 		.4byte	0
 1349              		.section	.debug_ranges,"",%progbits
 1350              	.Ldebug_ranges0:
 1351 0000 00000000 		.4byte	.LFB64
 1352 0004 38000000 		.4byte	.LFE64
 1353 0008 00000000 		.4byte	.LFB65
 1354 000c 3C000000 		.4byte	.LFE65
 1355 0010 00000000 		.4byte	.LFB66
 1356 0014 3E000000 		.4byte	.LFE66
 1357 0018 00000000 		.4byte	.LFB67
 1358 001c 26000000 		.4byte	.LFE67
 1359 0020 00000000 		.4byte	.LFB68
 1360 0024 C8000000 		.4byte	.LFE68
 1361 0028 00000000 		.4byte	0
 1362 002c 00000000 		.4byte	0
 1363              		.section	.debug_line,"",%progbits
 1364              	.Ldebug_line0:
 1365 0000 0A020000 		.section	.debug_str,"MS",%progbits,1
 1365      02005601 
 1365      00000201 
 1365      FB0E0D00 
 1365      01010101 
 1366              	.LASF40:
 1367 0000 75736250 		.ascii	"usbPutChar\000"
 1367      75744368 
 1367      617200
 1368              	.LASF62:
 1369 000b 72657375 		.ascii	"result\000"
 1369      6C7400
 1370              	.LASF44:
 1371 0012 74735F65 		.ascii	"ts_enc\000"
 1371      6E6300
 1372              	.LASF19:
 1373 0019 646F7562 		.ascii	"double\000"
 1373      6C6500
 1374              	.LASF53:
 1375 0020 666C6167 		.ascii	"flag_packet\000"
 1375      5F706163 
ARM GAS  C:\Users\lthw148\AppData\Local\Temp\ccGWtAkW.s 			page 29


 1375      6B657400 
 1376              	.LASF50:
 1377 002c 666C6167 		.ascii	"flag_ts_speed\000"
 1377      5F74735F 
 1377      73706565 
 1377      6400
 1378              	.LASF33:
 1379 003a 67325F78 		.ascii	"g2_xpos\000"
 1379      706F7300 
 1380              	.LASF2:
 1381 0042 73686F72 		.ascii	"short int\000"
 1381      7420696E 
 1381      7400
 1382              	.LASF61:
 1383 004c 73797374 		.ascii	"system_state\000"
 1383      656D5F73 
 1383      74617465 
 1383      00
 1384              	.LASF10:
 1385 0059 73697A65 		.ascii	"sizetype\000"
 1385      74797065 
 1385      00
 1386              	.LASF60:
 1387 0062 75736242 		.ascii	"usbBuffer\000"
 1387      75666665 
 1387      7200
 1388              	.LASF64:
 1389 006c 474E5520 		.ascii	"GNU C11 5.4.1 20160609 (release) [ARM/embedded-5-br"
 1389      43313120 
 1389      352E342E 
 1389      31203230 
 1389      31363036 
 1390 009f 616E6368 		.ascii	"anch revision 237715] -mcpu=cortex-m3 -mthumb -g -O"
 1390      20726576 
 1390      6973696F 
 1390      6E203233 
 1390      37373135 
 1391 00d2 30202D66 		.ascii	"0 -ffunction-sections -ffat-lto-objects\000"
 1391      66756E63 
 1391      74696F6E 
 1391      2D736563 
 1391      74696F6E 
 1392              	.LASF37:
 1393 00fa 6D61696E 		.ascii	"main\000"
 1393      00
 1394              	.LASF15:
 1395 00ff 75696E74 		.ascii	"uint16\000"
 1395      313600
 1396              	.LASF21:
 1397 0106 696E6465 		.ascii	"index\000"
 1397      7800
 1398              	.LASF17:
 1399 010c 696E7431 		.ascii	"int16\000"
 1399      3600
 1400              	.LASF14:
 1401 0112 75696E74 		.ascii	"uint8\000"
 1401      3800
ARM GAS  C:\Users\lthw148\AppData\Local\Temp\ccGWtAkW.s 			page 30


 1402              	.LASF32:
 1403 0118 67315F64 		.ascii	"g1_direction\000"
 1403      69726563 
 1403      74696F6E 
 1403      00
 1404              	.LASF58:
 1405 0125 6C696E65 		.ascii	"line\000"
 1405      00
 1406              	.LASF18:
 1407 012a 666C6F61 		.ascii	"float\000"
 1407      7400
 1408              	.LASF6:
 1409 0130 6C6F6E67 		.ascii	"long long int\000"
 1409      206C6F6E 
 1409      6720696E 
 1409      7400
 1410              	.LASF39:
 1411 013e 75736250 		.ascii	"usbPutString\000"
 1411      75745374 
 1411      72696E67 
 1411      00
 1412              	.LASF16:
 1413 014b 696E7438 		.ascii	"int8\000"
 1413      00
 1414              	.LASF49:
 1415 0150 666C6167 		.ascii	"flag_ts_update\000"
 1415      5F74735F 
 1415      75706461 
 1415      746500
 1416              	.LASF34:
 1417 015f 67325F79 		.ascii	"g2_ypos\000"
 1417      706F7300 
 1418              	.LASF28:
 1419 0167 67305F64 		.ascii	"g0_direction\000"
 1419      69726563 
 1419      74696F6E 
 1419      00
 1420              	.LASF25:
 1421 0174 67305F78 		.ascii	"g0_xpos\000"
 1421      706F7300 
 1422              	.LASF4:
 1423 017c 6C6F6E67 		.ascii	"long int\000"
 1423      20696E74 
 1423      00
 1424              	.LASF51:
 1425 0185 666C6167 		.ascii	"flag_ts_display\000"
 1425      5F74735F 
 1425      64697370 
 1425      6C617900 
 1426              	.LASF52:
 1427 0195 666C6167 		.ascii	"flag_rx\000"
 1427      5F727800 
 1428              	.LASF66:
 1429 019d 433A5C55 		.ascii	"C:\\Users\\lthw148\\Downloads\\psoc student pack (2"
 1429      73657273 
 1429      5C6C7468 
 1429      77313438 
ARM GAS  C:\Users\lthw148\AppData\Local\Temp\ccGWtAkW.s 			page 31


 1429      5C446F77 
 1430 01cc 295C7073 		.ascii	")\\psoc student pack (2)\\psoc student pack\\psoc s"
 1430      6F632073 
 1430      74756465 
 1430      6E742070 
 1430      61636B20 
 1431 01fc 74756465 		.ascii	"tudent pack\\psoc_code_base\\hardware_task_1.cydsn\000"
 1431      6E742070 
 1431      61636B5C 
 1431      70736F63 
 1431      5F636F64 
 1432              	.LASF9:
 1433 022d 6C6F6E67 		.ascii	"long double\000"
 1433      20646F75 
 1433      626C6500 
 1434              	.LASF59:
 1435 0239 656E7472 		.ascii	"entry\000"
 1435      7900
 1436              	.LASF1:
 1437 023f 756E7369 		.ascii	"unsigned char\000"
 1437      676E6564 
 1437      20636861 
 1437      7200
 1438              	.LASF27:
 1439 024d 67305F73 		.ascii	"g0_speed\000"
 1439      70656564 
 1439      00
 1440              	.LASF55:
 1441 0256 64617461 		.ascii	"dataready_flag\000"
 1441      72656164 
 1441      795F666C 
 1441      616700
 1442              	.LASF0:
 1443 0265 7369676E 		.ascii	"signed char\000"
 1443      65642063 
 1443      68617200 
 1444              	.LASF7:
 1445 0271 6C6F6E67 		.ascii	"long long unsigned int\000"
 1445      206C6F6E 
 1445      6720756E 
 1445      7369676E 
 1445      65642069 
 1446              	.LASF8:
 1447 0288 756E7369 		.ascii	"unsigned int\000"
 1447      676E6564 
 1447      20696E74 
 1447      00
 1448              	.LASF54:
 1449 0295 666C6167 		.ascii	"flag_KB_string\000"
 1449      5F4B425F 
 1449      73747269 
 1449      6E6700
 1450              	.LASF42:
 1451 02a4 75736242 		.ascii	"usbBufCount\000"
 1451      7566436F 
 1451      756E7400 
 1452              	.LASF35:
ARM GAS  C:\Users\lthw148\AppData\Local\Temp\ccGWtAkW.s 			page 32


 1453 02b0 67325F73 		.ascii	"g2_speed\000"
 1453      70656564 
 1453      00
 1454              	.LASF29:
 1455 02b9 67315F78 		.ascii	"g1_xpos\000"
 1455      706F7300 
 1456              	.LASF3:
 1457 02c1 73686F72 		.ascii	"short unsigned int\000"
 1457      7420756E 
 1457      7369676E 
 1457      65642069 
 1457      6E7400
 1458              	.LASF67:
 1459 02d4 64617461 		.ascii	"data_main\000"
 1459      5F6D6169 
 1459      6E00
 1460              	.LASF11:
 1461 02de 63686172 		.ascii	"char\000"
 1461      00
 1462              	.LASF22:
 1463 02e3 726F626F 		.ascii	"robot_xpos\000"
 1463      745F7870 
 1463      6F7300
 1464              	.LASF13:
 1465 02ee 696E7433 		.ascii	"int32_t\000"
 1465      325F7400 
 1466              	.LASF30:
 1467 02f6 67315F79 		.ascii	"g1_ypos\000"
 1467      706F7300 
 1468              	.LASF36:
 1469 02fe 67325F64 		.ascii	"g2_direction\000"
 1469      69726563 
 1469      74696F6E 
 1469      00
 1470              	.LASF31:
 1471 030b 67315F73 		.ascii	"g1_speed\000"
 1471      70656564 
 1471      00
 1472              	.LASF57:
 1473 0314 64697370 		.ascii	"displaystring\000"
 1473      6C617973 
 1473      7472696E 
 1473      6700
 1474              	.LASF38:
 1475 0322 4D794953 		.ascii	"MyISR\000"
 1475      5200
 1476              	.LASF65:
 1477 0328 6D61696E 		.ascii	"main.c\000"
 1477      2E6300
 1478              	.LASF5:
 1479 032f 6C6F6E67 		.ascii	"long unsigned int\000"
 1479      20756E73 
 1479      69676E65 
 1479      6420696E 
 1479      7400
 1480              	.LASF41:
 1481 0341 75736253 		.ascii	"usbStarted\000"
ARM GAS  C:\Users\lthw148\AppData\Local\Temp\ccGWtAkW.s 			page 33


 1481      74617274 
 1481      656400
 1482              	.LASF46:
 1483 034c 74735F73 		.ascii	"ts_speed\000"
 1483      70656564 
 1483      00
 1484              	.LASF48:
 1485 0355 666C6167 		.ascii	"flag_ts_enc\000"
 1485      5F74735F 
 1485      656E6300 
 1486              	.LASF12:
 1487 0361 5F5F696E 		.ascii	"__int32_t\000"
 1487      7433325F 
 1487      7400
 1488              	.LASF26:
 1489 036b 67305F79 		.ascii	"g0_ypos\000"
 1489      706F7300 
 1490              	.LASF47:
 1491 0373 74735F64 		.ascii	"ts_display\000"
 1491      6973706C 
 1491      617900
 1492              	.LASF45:
 1493 037e 74735F75 		.ascii	"ts_update\000"
 1493      70646174 
 1493      6500
 1494              	.LASF68:
 1495 0388 68616E64 		.ascii	"handle_usb\000"
 1495      6C655F75 
 1495      736200
 1496              	.LASF56:
 1497 0393 666C6167 		.ascii	"flag_rf_transmission_active\000"
 1497      5F72665F 
 1497      7472616E 
 1497      736D6973 
 1497      73696F6E 
 1498              	.LASF23:
 1499 03af 726F626F 		.ascii	"robot_ypos\000"
 1499      745F7970 
 1499      6F7300
 1500              	.LASF43:
 1501 03ba 49544D5F 		.ascii	"ITM_RxBuffer\000"
 1501      52784275 
 1501      66666572 
 1501      00
 1502              	.LASF63:
 1503 03c7 72657375 		.ascii	"result_array\000"
 1503      6C745F61 
 1503      72726179 
 1503      00
 1504              	.LASF20:
 1505 03d4 72737369 		.ascii	"rssi\000"
 1505      00
 1506              	.LASF24:
 1507 03d9 726F626F 		.ascii	"robot_orientation\000"
 1507      745F6F72 
 1507      69656E74 
 1507      6174696F 
ARM GAS  C:\Users\lthw148\AppData\Local\Temp\ccGWtAkW.s 			page 34


 1507      6E00
 1508              		.ident	"GCC: (GNU Tools for ARM Embedded Processors) 5.4.1 20160609 (release) [ARM/embedded-5-bran
