ARM GAS  C:\Users\lthw148\AppData\Local\Temp\ccrvOTAL.s 			page 1


   1              		.syntax unified
   2              		.cpu cortex-m3
   3              		.fpu softvfp
   4              		.eabi_attribute 20, 1
   5              		.eabi_attribute 21, 1
   6              		.eabi_attribute 23, 3
   7              		.eabi_attribute 24, 1
   8              		.eabi_attribute 25, 1
   9              		.eabi_attribute 26, 1
  10              		.eabi_attribute 30, 6
  11              		.eabi_attribute 34, 1
  12              		.eabi_attribute 18, 4
  13              		.thumb
  14              		.syntax unified
  15              		.file	"USBUART_descr.c"
  16              		.text
  17              	.Ltext0:
  18              		.cfi_sections	.debug_frame
  19              		.global	USBUART_DEVICE0_DESCR
  20              		.section	.rodata
  21              		.align	2
  22              		.type	USBUART_DEVICE0_DESCR, %object
  23              		.size	USBUART_DEVICE0_DESCR, 18
  24              	USBUART_DEVICE0_DESCR:
  25 0000 12       		.byte	18
  26 0001 01       		.byte	1
  27 0002 00       		.byte	0
  28 0003 02       		.byte	2
  29 0004 02       		.byte	2
  30 0005 00       		.byte	0
  31 0006 00       		.byte	0
  32 0007 08       		.byte	8
  33 0008 B4       		.byte	-76
  34 0009 04       		.byte	4
  35 000a 32       		.byte	50
  36 000b F2       		.byte	-14
  37 000c 01       		.byte	1
  38 000d 00       		.byte	0
  39 000e 01       		.byte	1
  40 000f 02       		.byte	2
  41 0010 80       		.byte	-128
  42 0011 01       		.byte	1
  43              		.global	USBUART_DEVICE0_CONFIGURATION0_DESCR
  44 0012 0000     		.align	2
  45              		.type	USBUART_DEVICE0_CONFIGURATION0_DESCR, %object
  46              		.size	USBUART_DEVICE0_CONFIGURATION0_DESCR, 67
  47              	USBUART_DEVICE0_CONFIGURATION0_DESCR:
  48 0014 09       		.byte	9
  49 0015 02       		.byte	2
  50 0016 43       		.byte	67
  51 0017 00       		.byte	0
  52 0018 02       		.byte	2
  53 0019 01       		.byte	1
  54 001a 01       		.byte	1
  55 001b C0       		.byte	-64
  56 001c 32       		.byte	50
  57 001d 09       		.byte	9
ARM GAS  C:\Users\lthw148\AppData\Local\Temp\ccrvOTAL.s 			page 2


  58 001e 04       		.byte	4
  59 001f 00       		.byte	0
  60 0020 00       		.byte	0
  61 0021 01       		.byte	1
  62 0022 02       		.byte	2
  63 0023 02       		.byte	2
  64 0024 01       		.byte	1
  65 0025 03       		.byte	3
  66 0026 05       		.byte	5
  67 0027 24       		.byte	36
  68 0028 00       		.byte	0
  69 0029 10       		.byte	16
  70 002a 01       		.byte	1
  71 002b 04       		.byte	4
  72 002c 24       		.byte	36
  73 002d 02       		.byte	2
  74 002e 02       		.byte	2
  75 002f 05       		.byte	5
  76 0030 24       		.byte	36
  77 0031 06       		.byte	6
  78 0032 00       		.byte	0
  79 0033 01       		.byte	1
  80 0034 05       		.byte	5
  81 0035 24       		.byte	36
  82 0036 01       		.byte	1
  83 0037 00       		.byte	0
  84 0038 01       		.byte	1
  85 0039 07       		.byte	7
  86 003a 05       		.byte	5
  87 003b 81       		.byte	-127
  88 003c 03       		.byte	3
  89 003d 08       		.byte	8
  90 003e 00       		.byte	0
  91 003f 0A       		.byte	10
  92 0040 09       		.byte	9
  93 0041 04       		.byte	4
  94 0042 01       		.byte	1
  95 0043 00       		.byte	0
  96 0044 02       		.byte	2
  97 0045 0A       		.byte	10
  98 0046 00       		.byte	0
  99 0047 00       		.byte	0
 100 0048 04       		.byte	4
 101 0049 07       		.byte	7
 102 004a 05       		.byte	5
 103 004b 82       		.byte	-126
 104 004c 02       		.byte	2
 105 004d 40       		.byte	64
 106 004e 00       		.byte	0
 107 004f 00       		.byte	0
 108 0050 07       		.byte	7
 109 0051 05       		.byte	5
 110 0052 03       		.byte	3
 111 0053 02       		.byte	2
 112 0054 40       		.byte	64
 113 0055 00       		.byte	0
 114 0056 00       		.byte	0
ARM GAS  C:\Users\lthw148\AppData\Local\Temp\ccrvOTAL.s 			page 3


 115              		.global	USBUART_STRING_DESCRIPTORS
 116 0057 00       		.align	2
 117              		.type	USBUART_STRING_DESCRIPTORS, %object
 118              		.size	USBUART_STRING_DESCRIPTORS, 171
 119              	USBUART_STRING_DESCRIPTORS:
 120 0058 04       		.byte	4
 121 0059 03       		.byte	3
 122 005a 09       		.byte	9
 123 005b 04       		.byte	4
 124 005c 2C       		.byte	44
 125 005d 03       		.byte	3
 126 005e 43       		.byte	67
 127 005f 00       		.byte	0
 128 0060 79       		.byte	121
 129 0061 00       		.byte	0
 130 0062 70       		.byte	112
 131 0063 00       		.byte	0
 132 0064 72       		.byte	114
 133 0065 00       		.byte	0
 134 0066 65       		.byte	101
 135 0067 00       		.byte	0
 136 0068 73       		.byte	115
 137 0069 00       		.byte	0
 138 006a 73       		.byte	115
 139 006b 00       		.byte	0
 140 006c 20       		.byte	32
 141 006d 00       		.byte	0
 142 006e 53       		.byte	83
 143 006f 00       		.byte	0
 144 0070 65       		.byte	101
 145 0071 00       		.byte	0
 146 0072 6D       		.byte	109
 147 0073 00       		.byte	0
 148 0074 69       		.byte	105
 149 0075 00       		.byte	0
 150 0076 63       		.byte	99
 151 0077 00       		.byte	0
 152 0078 6F       		.byte	111
 153 0079 00       		.byte	0
 154 007a 6E       		.byte	110
 155 007b 00       		.byte	0
 156 007c 64       		.byte	100
 157 007d 00       		.byte	0
 158 007e 75       		.byte	117
 159 007f 00       		.byte	0
 160 0080 63       		.byte	99
 161 0081 00       		.byte	0
 162 0082 74       		.byte	116
 163 0083 00       		.byte	0
 164 0084 6F       		.byte	111
 165 0085 00       		.byte	0
 166 0086 72       		.byte	114
 167 0087 00       		.byte	0
 168 0088 10       		.byte	16
 169 0089 03       		.byte	3
 170 008a 55       		.byte	85
 171 008b 00       		.byte	0
ARM GAS  C:\Users\lthw148\AppData\Local\Temp\ccrvOTAL.s 			page 4


 172 008c 53       		.byte	83
 173 008d 00       		.byte	0
 174 008e 42       		.byte	66
 175 008f 00       		.byte	0
 176 0090 55       		.byte	85
 177 0091 00       		.byte	0
 178 0092 41       		.byte	65
 179 0093 00       		.byte	0
 180 0094 52       		.byte	82
 181 0095 00       		.byte	0
 182 0096 54       		.byte	84
 183 0097 00       		.byte	0
 184 0098 38       		.byte	56
 185 0099 03       		.byte	3
 186 009a 43       		.byte	67
 187 009b 00       		.byte	0
 188 009c 44       		.byte	68
 189 009d 00       		.byte	0
 190 009e 43       		.byte	67
 191 009f 00       		.byte	0
 192 00a0 20       		.byte	32
 193 00a1 00       		.byte	0
 194 00a2 43       		.byte	67
 195 00a3 00       		.byte	0
 196 00a4 6F       		.byte	111
 197 00a5 00       		.byte	0
 198 00a6 6D       		.byte	109
 199 00a7 00       		.byte	0
 200 00a8 6D       		.byte	109
 201 00a9 00       		.byte	0
 202 00aa 75       		.byte	117
 203 00ab 00       		.byte	0
 204 00ac 6E       		.byte	110
 205 00ad 00       		.byte	0
 206 00ae 69       		.byte	105
 207 00af 00       		.byte	0
 208 00b0 63       		.byte	99
 209 00b1 00       		.byte	0
 210 00b2 61       		.byte	97
 211 00b3 00       		.byte	0
 212 00b4 74       		.byte	116
 213 00b5 00       		.byte	0
 214 00b6 69       		.byte	105
 215 00b7 00       		.byte	0
 216 00b8 6F       		.byte	111
 217 00b9 00       		.byte	0
 218 00ba 6E       		.byte	110
 219 00bb 00       		.byte	0
 220 00bc 20       		.byte	32
 221 00bd 00       		.byte	0
 222 00be 49       		.byte	73
 223 00bf 00       		.byte	0
 224 00c0 6E       		.byte	110
 225 00c1 00       		.byte	0
 226 00c2 74       		.byte	116
 227 00c3 00       		.byte	0
 228 00c4 65       		.byte	101
ARM GAS  C:\Users\lthw148\AppData\Local\Temp\ccrvOTAL.s 			page 5


 229 00c5 00       		.byte	0
 230 00c6 72       		.byte	114
 231 00c7 00       		.byte	0
 232 00c8 66       		.byte	102
 233 00c9 00       		.byte	0
 234 00ca 61       		.byte	97
 235 00cb 00       		.byte	0
 236 00cc 63       		.byte	99
 237 00cd 00       		.byte	0
 238 00ce 65       		.byte	101
 239 00cf 00       		.byte	0
 240 00d0 26       		.byte	38
 241 00d1 03       		.byte	3
 242 00d2 43       		.byte	67
 243 00d3 00       		.byte	0
 244 00d4 44       		.byte	68
 245 00d5 00       		.byte	0
 246 00d6 43       		.byte	67
 247 00d7 00       		.byte	0
 248 00d8 20       		.byte	32
 249 00d9 00       		.byte	0
 250 00da 44       		.byte	68
 251 00db 00       		.byte	0
 252 00dc 61       		.byte	97
 253 00dd 00       		.byte	0
 254 00de 74       		.byte	116
 255 00df 00       		.byte	0
 256 00e0 61       		.byte	97
 257 00e1 00       		.byte	0
 258 00e2 20       		.byte	32
 259 00e3 00       		.byte	0
 260 00e4 49       		.byte	73
 261 00e5 00       		.byte	0
 262 00e6 6E       		.byte	110
 263 00e7 00       		.byte	0
 264 00e8 74       		.byte	116
 265 00e9 00       		.byte	0
 266 00ea 65       		.byte	101
 267 00eb 00       		.byte	0
 268 00ec 72       		.byte	114
 269 00ed 00       		.byte	0
 270 00ee 66       		.byte	102
 271 00ef 00       		.byte	0
 272 00f0 61       		.byte	97
 273 00f1 00       		.byte	0
 274 00f2 63       		.byte	99
 275 00f3 00       		.byte	0
 276 00f4 65       		.byte	101
 277 00f5 00       		.byte	0
 278 00f6 0C       		.byte	12
 279 00f7 03       		.byte	3
 280 00f8 43       		.byte	67
 281 00f9 00       		.byte	0
 282 00fa 53       		.byte	83
 283 00fb 00       		.byte	0
 284 00fc 33       		.byte	51
 285 00fd 00       		.byte	0
ARM GAS  C:\Users\lthw148\AppData\Local\Temp\ccrvOTAL.s 			page 6


 286 00fe 30       		.byte	48
 287 00ff 00       		.byte	0
 288 0100 31       		.byte	49
 289 0101 00       		.byte	0
 290 0102 00       		.byte	0
 291              		.global	USBUART_SN_STRING_DESCRIPTOR
 292 0103 00       		.align	2
 293              		.type	USBUART_SN_STRING_DESCRIPTOR, %object
 294              		.size	USBUART_SN_STRING_DESCRIPTOR, 2
 295              	USBUART_SN_STRING_DESCRIPTOR:
 296 0104 02       		.byte	2
 297 0105 03       		.byte	3
 298              		.global	USBUART_DEVICE0_CONFIGURATION0_EP_SETTINGS_TABLE
 299 0106 0000     		.align	2
 300              		.type	USBUART_DEVICE0_CONFIGURATION0_EP_SETTINGS_TABLE, %object
 301              		.size	USBUART_DEVICE0_CONFIGURATION0_EP_SETTINGS_TABLE, 24
 302              	USBUART_DEVICE0_CONFIGURATION0_EP_SETTINGS_TABLE:
 303 0108 00       		.byte	0
 304 0109 00       		.byte	0
 305 010a 81       		.byte	-127
 306 010b 03       		.byte	3
 307 010c 0800     		.short	8
 308 010e 02       		.byte	2
 309 010f 00       		.space	1
 310 0110 01       		.byte	1
 311 0111 00       		.byte	0
 312 0112 82       		.byte	-126
 313 0113 02       		.byte	2
 314 0114 4000     		.short	64
 315 0116 0A       		.byte	10
 316 0117 00       		.space	1
 317 0118 01       		.byte	1
 318 0119 00       		.byte	0
 319 011a 03       		.byte	3
 320 011b 02       		.byte	2
 321 011c 4000     		.short	64
 322 011e 0A       		.byte	10
 323 011f 00       		.space	1
 324              		.global	USBUART_DEVICE0_CONFIGURATION0_INTERFACE_CLASS
 325              		.align	2
 326              		.type	USBUART_DEVICE0_CONFIGURATION0_INTERFACE_CLASS, %object
 327              		.size	USBUART_DEVICE0_CONFIGURATION0_INTERFACE_CLASS, 2
 328              	USBUART_DEVICE0_CONFIGURATION0_INTERFACE_CLASS:
 329 0120 02       		.byte	2
 330 0121 0A       		.byte	10
 331              		.global	USBUART_DEVICE0_CONFIGURATION0_TABLE
 332 0122 0000     		.align	2
 333              		.type	USBUART_DEVICE0_CONFIGURATION0_TABLE, %object
 334              		.size	USBUART_DEVICE0_CONFIGURATION0_TABLE, 40
 335              	USBUART_DEVICE0_CONFIGURATION0_TABLE:
 336 0124 01       		.byte	1
 337 0125 000000   		.space	3
 338 0128 00000000 		.word	USBUART_DEVICE0_CONFIGURATION0_DESCR
 339 012c 03       		.byte	3
 340 012d 000000   		.space	3
 341 0130 00000000 		.word	USBUART_DEVICE0_CONFIGURATION0_EP_SETTINGS_TABLE
 342 0134 00       		.byte	0
ARM GAS  C:\Users\lthw148\AppData\Local\Temp\ccrvOTAL.s 			page 7


 343 0135 000000   		.space	3
 344 0138 00000000 		.word	0
 345 013c 00       		.byte	0
 346 013d 000000   		.space	3
 347 0140 00000000 		.word	0
 348 0144 00       		.byte	0
 349 0145 000000   		.space	3
 350 0148 00000000 		.word	USBUART_DEVICE0_CONFIGURATION0_INTERFACE_CLASS
 351              		.global	USBUART_DEVICE0_TABLE
 352              		.align	2
 353              		.type	USBUART_DEVICE0_TABLE, %object
 354              		.size	USBUART_DEVICE0_TABLE, 24
 355              	USBUART_DEVICE0_TABLE:
 356 014c 01       		.byte	1
 357 014d 000000   		.space	3
 358 0150 00000000 		.word	USBUART_DEVICE0_DESCR
 359 0154 00       		.byte	0
 360 0155 000000   		.space	3
 361 0158 00000000 		.word	0
 362 015c 01       		.byte	1
 363 015d 000000   		.space	3
 364 0160 00000000 		.word	USBUART_DEVICE0_CONFIGURATION0_TABLE
 365              		.global	USBUART_TABLE
 366              		.align	2
 367              		.type	USBUART_TABLE, %object
 368              		.size	USBUART_TABLE, 8
 369              	USBUART_TABLE:
 370 0164 01       		.byte	1
 371 0165 000000   		.space	3
 372 0168 00000000 		.word	USBUART_DEVICE0_TABLE
 373              		.global	USBUART_MSOS_DESCRIPTOR
 374              		.align	2
 375              		.type	USBUART_MSOS_DESCRIPTOR, %object
 376              		.size	USBUART_MSOS_DESCRIPTOR, 18
 377              	USBUART_MSOS_DESCRIPTOR:
 378 016c 12       		.byte	18
 379 016d 03       		.byte	3
 380 016e 4D       		.byte	77
 381 016f 00       		.byte	0
 382 0170 53       		.byte	83
 383 0171 00       		.byte	0
 384 0172 46       		.byte	70
 385 0173 00       		.byte	0
 386 0174 54       		.byte	84
 387 0175 00       		.byte	0
 388 0176 31       		.byte	49
 389 0177 00       		.byte	0
 390 0178 30       		.byte	48
 391 0179 00       		.byte	0
 392 017a 30       		.byte	48
 393 017b 00       		.byte	0
 394 017c 01       		.byte	1
 395 017d 00       		.byte	0
 396              		.global	USBUART_MSOS_CONFIGURATION_DESCR
 397 017e 0000     		.align	2
 398              		.type	USBUART_MSOS_CONFIGURATION_DESCR, %object
 399              		.size	USBUART_MSOS_CONFIGURATION_DESCR, 40
ARM GAS  C:\Users\lthw148\AppData\Local\Temp\ccrvOTAL.s 			page 8


 400              	USBUART_MSOS_CONFIGURATION_DESCR:
 401 0180 28       		.byte	40
 402 0181 00       		.byte	0
 403 0182 00       		.byte	0
 404 0183 00       		.byte	0
 405 0184 00       		.byte	0
 406 0185 01       		.byte	1
 407 0186 04       		.byte	4
 408 0187 00       		.byte	0
 409 0188 01       		.byte	1
 410 0189 00       		.byte	0
 411 018a 00       		.byte	0
 412 018b 00       		.byte	0
 413 018c 00       		.byte	0
 414 018d 00       		.byte	0
 415 018e 00       		.byte	0
 416 018f 00       		.byte	0
 417 0190 00       		.byte	0
 418 0191 01       		.byte	1
 419 0192 43       		.byte	67
 420 0193 59       		.byte	89
 421 0194 55       		.byte	85
 422 0195 53       		.byte	83
 423 0196 42       		.byte	66
 424 0197 00       		.byte	0
 425 0198 00       		.byte	0
 426 0199 00       		.byte	0
 427 019a 30       		.byte	48
 428 019b 30       		.byte	48
 429 019c 30       		.byte	48
 430 019d 30       		.byte	48
 431 019e 31       		.byte	49
 432 019f 00       		.byte	0
 433 01a0 00       		.byte	0
 434 01a1 00       		.byte	0
 435 01a2 00       		.byte	0
 436 01a3 00       		.byte	0
 437 01a4 00       		.byte	0
 438 01a5 00       		.byte	0
 439 01a6 00       		.byte	0
 440 01a7 00       		.byte	0
 441              		.comm	USBUART_idSerialNumberStringDescriptor,34,4
 442              		.text
 443              	.Letext0:
 444              		.file 1 "Generated_Source\\PSoC5\\cytypes.h"
 445              		.file 2 "Generated_Source\\PSoC5\\USBUART.h"
 446              		.file 3 "Generated_Source\\PSoC5\\USBUART_descr.c"
 447              		.section	.debug_info,"",%progbits
 448              	.Ldebug_info0:
 449 0000 DD020000 		.4byte	0x2dd
 450 0004 0400     		.2byte	0x4
 451 0006 00000000 		.4byte	.Ldebug_abbrev0
 452 000a 04       		.byte	0x4
 453 000b 01       		.uleb128 0x1
 454 000c 2F000000 		.4byte	.LASF37
 455 0010 0C       		.byte	0xc
 456 0011 2C010000 		.4byte	.LASF38
ARM GAS  C:\Users\lthw148\AppData\Local\Temp\ccrvOTAL.s 			page 9


 457 0015 A5010000 		.4byte	.LASF39
 458 0019 00000000 		.4byte	.Ldebug_line0
 459 001d 02       		.uleb128 0x2
 460 001e 01       		.byte	0x1
 461 001f 06       		.byte	0x6
 462 0020 7E030000 		.4byte	.LASF0
 463 0024 02       		.uleb128 0x2
 464 0025 01       		.byte	0x1
 465 0026 08       		.byte	0x8
 466 0027 97010000 		.4byte	.LASF1
 467 002b 02       		.uleb128 0x2
 468 002c 02       		.byte	0x2
 469 002d 05       		.byte	0x5
 470 002e 4F030000 		.4byte	.LASF2
 471 0032 02       		.uleb128 0x2
 472 0033 02       		.byte	0x2
 473 0034 07       		.byte	0x7
 474 0035 8A030000 		.4byte	.LASF3
 475 0039 02       		.uleb128 0x2
 476 003a 04       		.byte	0x4
 477 003b 05       		.byte	0x5
 478 003c 69030000 		.4byte	.LASF4
 479 0040 02       		.uleb128 0x2
 480 0041 04       		.byte	0x4
 481 0042 07       		.byte	0x7
 482 0043 51020000 		.4byte	.LASF5
 483 0047 02       		.uleb128 0x2
 484 0048 08       		.byte	0x8
 485 0049 05       		.byte	0x5
 486 004a 23030000 		.4byte	.LASF6
 487 004e 02       		.uleb128 0x2
 488 004f 08       		.byte	0x8
 489 0050 07       		.byte	0x7
 490 0051 D7020000 		.4byte	.LASF7
 491 0055 03       		.uleb128 0x3
 492 0056 04       		.byte	0x4
 493 0057 05       		.byte	0x5
 494 0058 696E7400 		.ascii	"int\000"
 495 005c 02       		.uleb128 0x2
 496 005d 04       		.byte	0x4
 497 005e 07       		.byte	0x7
 498 005f BC020000 		.4byte	.LASF8
 499 0063 04       		.uleb128 0x4
 500 0064 59030000 		.4byte	.LASF9
 501 0068 01       		.byte	0x1
 502 0069 E701     		.2byte	0x1e7
 503 006b 24000000 		.4byte	0x24
 504 006f 04       		.uleb128 0x4
 505 0070 B5020000 		.4byte	.LASF10
 506 0074 01       		.byte	0x1
 507 0075 E801     		.2byte	0x1e8
 508 0077 32000000 		.4byte	0x32
 509 007b 02       		.uleb128 0x2
 510 007c 04       		.byte	0x4
 511 007d 04       		.byte	0x4
 512 007e 69010000 		.4byte	.LASF11
 513 0082 02       		.uleb128 0x2
ARM GAS  C:\Users\lthw148\AppData\Local\Temp\ccrvOTAL.s 			page 10


 514 0083 08       		.byte	0x8
 515 0084 04       		.byte	0x4
 516 0085 AE020000 		.4byte	.LASF12
 517 0089 02       		.uleb128 0x2
 518 008a 01       		.byte	0x1
 519 008b 08       		.byte	0x8
 520 008c 31030000 		.4byte	.LASF13
 521 0090 02       		.uleb128 0x2
 522 0091 08       		.byte	0x8
 523 0092 04       		.byte	0x4
 524 0093 72030000 		.4byte	.LASF14
 525 0097 02       		.uleb128 0x2
 526 0098 04       		.byte	0x4
 527 0099 07       		.byte	0x7
 528 009a 1A030000 		.4byte	.LASF15
 529 009e 05       		.uleb128 0x5
 530 009f 08       		.byte	0x8
 531 00a0 02       		.byte	0x2
 532 00a1 9B       		.byte	0x9b
 533 00a2 EF000000 		.4byte	0xef
 534 00a6 06       		.uleb128 0x6
 535 00a7 5F030000 		.4byte	.LASF16
 536 00ab 02       		.byte	0x2
 537 00ac 9D       		.byte	0x9d
 538 00ad 63000000 		.4byte	0x63
 539 00b1 00       		.byte	0
 540 00b2 06       		.uleb128 0x6
 541 00b3 8C010000 		.4byte	.LASF17
 542 00b7 02       		.byte	0x2
 543 00b8 9E       		.byte	0x9e
 544 00b9 63000000 		.4byte	0x63
 545 00bd 01       		.byte	0x1
 546 00be 06       		.uleb128 0x6
 547 00bf 63020000 		.4byte	.LASF18
 548 00c3 02       		.byte	0x2
 549 00c4 9F       		.byte	0x9f
 550 00c5 63000000 		.4byte	0x63
 551 00c9 02       		.byte	0x2
 552 00ca 06       		.uleb128 0x6
 553 00cb BD000000 		.4byte	.LASF19
 554 00cf 02       		.byte	0x2
 555 00d0 A0       		.byte	0xa0
 556 00d1 63000000 		.4byte	0x63
 557 00d5 03       		.byte	0x3
 558 00d6 06       		.uleb128 0x6
 559 00d7 36030000 		.4byte	.LASF20
 560 00db 02       		.byte	0x2
 561 00dc A1       		.byte	0xa1
 562 00dd 6F000000 		.4byte	0x6f
 563 00e1 04       		.byte	0x4
 564 00e2 06       		.uleb128 0x6
 565 00e3 B3030000 		.4byte	.LASF21
 566 00e7 02       		.byte	0x2
 567 00e8 A2       		.byte	0xa2
 568 00e9 63000000 		.4byte	0x63
 569 00ed 06       		.byte	0x6
 570 00ee 00       		.byte	0
ARM GAS  C:\Users\lthw148\AppData\Local\Temp\ccrvOTAL.s 			page 11


 571 00ef 07       		.uleb128 0x7
 572 00f0 35020000 		.4byte	.LASF22
 573 00f4 02       		.byte	0x2
 574 00f5 A3       		.byte	0xa3
 575 00f6 9E000000 		.4byte	0x9e
 576 00fa 05       		.uleb128 0x5
 577 00fb 08       		.byte	0x8
 578 00fc 02       		.byte	0x2
 579 00fd B2       		.byte	0xb2
 580 00fe 19010000 		.4byte	0x119
 581 0102 08       		.uleb128 0x8
 582 0103 6300     		.ascii	"c\000"
 583 0105 02       		.byte	0x2
 584 0106 B4       		.byte	0xb4
 585 0107 63000000 		.4byte	0x63
 586 010b 00       		.byte	0
 587 010c 06       		.uleb128 0x6
 588 010d 13030000 		.4byte	.LASF23
 589 0111 02       		.byte	0x2
 590 0112 B5       		.byte	0xb5
 591 0113 19010000 		.4byte	0x119
 592 0117 04       		.byte	0x4
 593 0118 00       		.byte	0
 594 0119 09       		.uleb128 0x9
 595 011a 04       		.byte	0x4
 596 011b 1F010000 		.4byte	0x11f
 597 011f 0A       		.uleb128 0xa
 598 0120 07       		.uleb128 0x7
 599 0121 C9020000 		.4byte	.LASF24
 600 0125 02       		.byte	0x2
 601 0126 B6       		.byte	0xb6
 602 0127 FA000000 		.4byte	0xfa
 603 012b 0B       		.uleb128 0xb
 604 012c 3B010000 		.4byte	0x13b
 605 0130 3B010000 		.4byte	0x13b
 606 0134 0C       		.uleb128 0xc
 607 0135 97000000 		.4byte	0x97
 608 0139 11       		.byte	0x11
 609 013a 00       		.byte	0
 610 013b 0D       		.uleb128 0xd
 611 013c 63000000 		.4byte	0x63
 612 0140 0E       		.uleb128 0xe
 613 0141 53010000 		.4byte	.LASF25
 614 0145 03       		.byte	0x3
 615 0146 24       		.byte	0x24
 616 0147 51010000 		.4byte	0x151
 617 014b 05       		.uleb128 0x5
 618 014c 03       		.byte	0x3
 619 014d 00000000 		.4byte	USBUART_DEVICE0_DESCR
 620 0151 0D       		.uleb128 0xd
 621 0152 2B010000 		.4byte	0x12b
 622 0156 0B       		.uleb128 0xb
 623 0157 3B010000 		.4byte	0x13b
 624 015b 66010000 		.4byte	0x166
 625 015f 0C       		.uleb128 0xc
 626 0160 97000000 		.4byte	0x97
 627 0164 42       		.byte	0x42
ARM GAS  C:\Users\lthw148\AppData\Local\Temp\ccrvOTAL.s 			page 12


 628 0165 00       		.byte	0
 629 0166 0E       		.uleb128 0xe
 630 0167 EE020000 		.4byte	.LASF26
 631 016b 03       		.byte	0x3
 632 016c 37       		.byte	0x37
 633 016d 77010000 		.4byte	0x177
 634 0171 05       		.uleb128 0x5
 635 0172 03       		.byte	0x3
 636 0173 00000000 		.4byte	USBUART_DEVICE0_CONFIGURATION0_DESCR
 637 0177 0D       		.uleb128 0xd
 638 0178 56010000 		.4byte	0x156
 639 017c 0B       		.uleb128 0xb
 640 017d 8C010000 		.4byte	0x18c
 641 0181 8C010000 		.4byte	0x18c
 642 0185 0C       		.uleb128 0xc
 643 0186 97000000 		.4byte	0x97
 644 018a 02       		.byte	0x2
 645 018b 00       		.byte	0
 646 018c 0D       		.uleb128 0xd
 647 018d EF000000 		.4byte	0xef
 648 0191 0E       		.uleb128 0xe
 649 0192 E3000000 		.4byte	.LASF27
 650 0196 03       		.byte	0x3
 651 0197 DE       		.byte	0xde
 652 0198 A2010000 		.4byte	0x1a2
 653 019c 05       		.uleb128 0x5
 654 019d 03       		.byte	0x3
 655 019e 00000000 		.4byte	USBUART_DEVICE0_CONFIGURATION0_EP_SETTINGS_TABLE
 656 01a2 0D       		.uleb128 0xd
 657 01a3 7C010000 		.4byte	0x17c
 658 01a7 0B       		.uleb128 0xb
 659 01a8 3B010000 		.4byte	0x13b
 660 01ac B7010000 		.4byte	0x1b7
 661 01b0 0C       		.uleb128 0xc
 662 01b1 97000000 		.4byte	0x97
 663 01b5 01       		.byte	0x1
 664 01b6 00       		.byte	0
 665 01b7 0E       		.uleb128 0xe
 666 01b8 00000000 		.4byte	.LASF28
 667 01bc 03       		.byte	0x3
 668 01bd E4       		.byte	0xe4
 669 01be C8010000 		.4byte	0x1c8
 670 01c2 05       		.uleb128 0x5
 671 01c3 03       		.byte	0x3
 672 01c4 00000000 		.4byte	USBUART_DEVICE0_CONFIGURATION0_INTERFACE_CLASS
 673 01c8 0D       		.uleb128 0xd
 674 01c9 A7010000 		.4byte	0x1a7
 675 01cd 0B       		.uleb128 0xb
 676 01ce DD010000 		.4byte	0x1dd
 677 01d2 DD010000 		.4byte	0x1dd
 678 01d6 0C       		.uleb128 0xc
 679 01d7 97000000 		.4byte	0x97
 680 01db 04       		.byte	0x4
 681 01dc 00       		.byte	0
 682 01dd 0D       		.uleb128 0xd
 683 01de 20010000 		.4byte	0x120
 684 01e2 0E       		.uleb128 0xe
ARM GAS  C:\Users\lthw148\AppData\Local\Temp\ccrvOTAL.s 			page 13


 685 01e3 68020000 		.4byte	.LASF29
 686 01e7 03       		.byte	0x3
 687 01e8 EC       		.byte	0xec
 688 01e9 F3010000 		.4byte	0x1f3
 689 01ed 05       		.uleb128 0x5
 690 01ee 03       		.byte	0x3
 691 01ef 00000000 		.4byte	USBUART_DEVICE0_CONFIGURATION0_TABLE
 692 01f3 0D       		.uleb128 0xd
 693 01f4 CD010000 		.4byte	0x1cd
 694 01f8 0B       		.uleb128 0xb
 695 01f9 DD010000 		.4byte	0x1dd
 696 01fd 08020000 		.4byte	0x208
 697 0201 0C       		.uleb128 0xc
 698 0202 97000000 		.4byte	0x97
 699 0206 02       		.byte	0x2
 700 0207 00       		.byte	0
 701 0208 0E       		.uleb128 0xe
 702 0209 9D030000 		.4byte	.LASF30
 703 020d 03       		.byte	0x3
 704 020e F7       		.byte	0xf7
 705 020f 19020000 		.4byte	0x219
 706 0213 05       		.uleb128 0x5
 707 0214 03       		.byte	0x3
 708 0215 00000000 		.4byte	USBUART_DEVICE0_TABLE
 709 0219 0D       		.uleb128 0xd
 710 021a F8010000 		.4byte	0x1f8
 711 021e 0B       		.uleb128 0xb
 712 021f DD010000 		.4byte	0x1dd
 713 0223 2E020000 		.4byte	0x22e
 714 0227 0C       		.uleb128 0xc
 715 0228 97000000 		.4byte	0x97
 716 022c 00       		.byte	0
 717 022d 00       		.byte	0
 718 022e 0E       		.uleb128 0xe
 719 022f 41030000 		.4byte	.LASF31
 720 0233 03       		.byte	0x3
 721 0234 FF       		.byte	0xff
 722 0235 3F020000 		.4byte	0x23f
 723 0239 05       		.uleb128 0x5
 724 023a 03       		.byte	0x3
 725 023b 00000000 		.4byte	USBUART_TABLE
 726 023f 0D       		.uleb128 0xd
 727 0240 1E020000 		.4byte	0x21e
 728 0244 0E       		.uleb128 0xe
 729 0245 6F010000 		.4byte	.LASF32
 730 0249 03       		.byte	0x3
 731 024a CF       		.byte	0xcf
 732 024b 55020000 		.4byte	0x255
 733 024f 05       		.uleb128 0x5
 734 0250 03       		.byte	0x3
 735 0251 00000000 		.4byte	USBUART_SN_STRING_DESCRIPTOR
 736 0255 0D       		.uleb128 0xd
 737 0256 A7010000 		.4byte	0x1a7
 738 025a 0B       		.uleb128 0xb
 739 025b 3B010000 		.4byte	0x13b
 740 025f 6A020000 		.4byte	0x26a
 741 0263 0C       		.uleb128 0xc
ARM GAS  C:\Users\lthw148\AppData\Local\Temp\ccrvOTAL.s 			page 14


 742 0264 97000000 		.4byte	0x97
 743 0268 AA       		.byte	0xaa
 744 0269 00       		.byte	0
 745 026a 0E       		.uleb128 0xe
 746 026b C8000000 		.4byte	.LASF33
 747 026f 03       		.byte	0x3
 748 0270 96       		.byte	0x96
 749 0271 7B020000 		.4byte	0x27b
 750 0275 05       		.uleb128 0x5
 751 0276 03       		.byte	0x3
 752 0277 00000000 		.4byte	USBUART_STRING_DESCRIPTORS
 753 027b 0D       		.uleb128 0xd
 754 027c 5A020000 		.4byte	0x25a
 755 0280 0F       		.uleb128 0xf
 756 0281 14010000 		.4byte	.LASF34
 757 0285 03       		.byte	0x3
 758 0286 0F01     		.2byte	0x10f
 759 0288 92020000 		.4byte	0x292
 760 028c 05       		.uleb128 0x5
 761 028d 03       		.byte	0x3
 762 028e 00000000 		.4byte	USBUART_MSOS_DESCRIPTOR
 763 0292 0D       		.uleb128 0xd
 764 0293 2B010000 		.4byte	0x12b
 765 0297 0B       		.uleb128 0xb
 766 0298 3B010000 		.4byte	0x13b
 767 029c A7020000 		.4byte	0x2a7
 768 02a0 0C       		.uleb128 0xc
 769 02a1 97000000 		.4byte	0x97
 770 02a5 27       		.byte	0x27
 771 02a6 00       		.byte	0
 772 02a7 0F       		.uleb128 0xf
 773 02a8 8D020000 		.4byte	.LASF35
 774 02ac 03       		.byte	0x3
 775 02ad 1A01     		.2byte	0x11a
 776 02af B9020000 		.4byte	0x2b9
 777 02b3 05       		.uleb128 0x5
 778 02b4 03       		.byte	0x3
 779 02b5 00000000 		.4byte	USBUART_MSOS_CONFIGURATION_DESCR
 780 02b9 0D       		.uleb128 0xd
 781 02ba 97020000 		.4byte	0x297
 782 02be 0B       		.uleb128 0xb
 783 02bf 63000000 		.4byte	0x63
 784 02c3 CE020000 		.4byte	0x2ce
 785 02c7 0C       		.uleb128 0xc
 786 02c8 97000000 		.4byte	0x97
 787 02cc 21       		.byte	0x21
 788 02cd 00       		.byte	0
 789 02ce 0F       		.uleb128 0xf
 790 02cf B9030000 		.4byte	.LASF36
 791 02d3 03       		.byte	0x3
 792 02d4 2D01     		.2byte	0x12d
 793 02d6 BE020000 		.4byte	0x2be
 794 02da 05       		.uleb128 0x5
 795 02db 03       		.byte	0x3
 796 02dc 00000000 		.4byte	USBUART_idSerialNumberStringDescriptor
 797 02e0 00       		.byte	0
 798              		.section	.debug_abbrev,"",%progbits
ARM GAS  C:\Users\lthw148\AppData\Local\Temp\ccrvOTAL.s 			page 15


 799              	.Ldebug_abbrev0:
 800 0000 01       		.uleb128 0x1
 801 0001 11       		.uleb128 0x11
 802 0002 01       		.byte	0x1
 803 0003 25       		.uleb128 0x25
 804 0004 0E       		.uleb128 0xe
 805 0005 13       		.uleb128 0x13
 806 0006 0B       		.uleb128 0xb
 807 0007 03       		.uleb128 0x3
 808 0008 0E       		.uleb128 0xe
 809 0009 1B       		.uleb128 0x1b
 810 000a 0E       		.uleb128 0xe
 811 000b 10       		.uleb128 0x10
 812 000c 17       		.uleb128 0x17
 813 000d 00       		.byte	0
 814 000e 00       		.byte	0
 815 000f 02       		.uleb128 0x2
 816 0010 24       		.uleb128 0x24
 817 0011 00       		.byte	0
 818 0012 0B       		.uleb128 0xb
 819 0013 0B       		.uleb128 0xb
 820 0014 3E       		.uleb128 0x3e
 821 0015 0B       		.uleb128 0xb
 822 0016 03       		.uleb128 0x3
 823 0017 0E       		.uleb128 0xe
 824 0018 00       		.byte	0
 825 0019 00       		.byte	0
 826 001a 03       		.uleb128 0x3
 827 001b 24       		.uleb128 0x24
 828 001c 00       		.byte	0
 829 001d 0B       		.uleb128 0xb
 830 001e 0B       		.uleb128 0xb
 831 001f 3E       		.uleb128 0x3e
 832 0020 0B       		.uleb128 0xb
 833 0021 03       		.uleb128 0x3
 834 0022 08       		.uleb128 0x8
 835 0023 00       		.byte	0
 836 0024 00       		.byte	0
 837 0025 04       		.uleb128 0x4
 838 0026 16       		.uleb128 0x16
 839 0027 00       		.byte	0
 840 0028 03       		.uleb128 0x3
 841 0029 0E       		.uleb128 0xe
 842 002a 3A       		.uleb128 0x3a
 843 002b 0B       		.uleb128 0xb
 844 002c 3B       		.uleb128 0x3b
 845 002d 05       		.uleb128 0x5
 846 002e 49       		.uleb128 0x49
 847 002f 13       		.uleb128 0x13
 848 0030 00       		.byte	0
 849 0031 00       		.byte	0
 850 0032 05       		.uleb128 0x5
 851 0033 13       		.uleb128 0x13
 852 0034 01       		.byte	0x1
 853 0035 0B       		.uleb128 0xb
 854 0036 0B       		.uleb128 0xb
 855 0037 3A       		.uleb128 0x3a
ARM GAS  C:\Users\lthw148\AppData\Local\Temp\ccrvOTAL.s 			page 16


 856 0038 0B       		.uleb128 0xb
 857 0039 3B       		.uleb128 0x3b
 858 003a 0B       		.uleb128 0xb
 859 003b 01       		.uleb128 0x1
 860 003c 13       		.uleb128 0x13
 861 003d 00       		.byte	0
 862 003e 00       		.byte	0
 863 003f 06       		.uleb128 0x6
 864 0040 0D       		.uleb128 0xd
 865 0041 00       		.byte	0
 866 0042 03       		.uleb128 0x3
 867 0043 0E       		.uleb128 0xe
 868 0044 3A       		.uleb128 0x3a
 869 0045 0B       		.uleb128 0xb
 870 0046 3B       		.uleb128 0x3b
 871 0047 0B       		.uleb128 0xb
 872 0048 49       		.uleb128 0x49
 873 0049 13       		.uleb128 0x13
 874 004a 38       		.uleb128 0x38
 875 004b 0B       		.uleb128 0xb
 876 004c 00       		.byte	0
 877 004d 00       		.byte	0
 878 004e 07       		.uleb128 0x7
 879 004f 16       		.uleb128 0x16
 880 0050 00       		.byte	0
 881 0051 03       		.uleb128 0x3
 882 0052 0E       		.uleb128 0xe
 883 0053 3A       		.uleb128 0x3a
 884 0054 0B       		.uleb128 0xb
 885 0055 3B       		.uleb128 0x3b
 886 0056 0B       		.uleb128 0xb
 887 0057 49       		.uleb128 0x49
 888 0058 13       		.uleb128 0x13
 889 0059 00       		.byte	0
 890 005a 00       		.byte	0
 891 005b 08       		.uleb128 0x8
 892 005c 0D       		.uleb128 0xd
 893 005d 00       		.byte	0
 894 005e 03       		.uleb128 0x3
 895 005f 08       		.uleb128 0x8
 896 0060 3A       		.uleb128 0x3a
 897 0061 0B       		.uleb128 0xb
 898 0062 3B       		.uleb128 0x3b
 899 0063 0B       		.uleb128 0xb
 900 0064 49       		.uleb128 0x49
 901 0065 13       		.uleb128 0x13
 902 0066 38       		.uleb128 0x38
 903 0067 0B       		.uleb128 0xb
 904 0068 00       		.byte	0
 905 0069 00       		.byte	0
 906 006a 09       		.uleb128 0x9
 907 006b 0F       		.uleb128 0xf
 908 006c 00       		.byte	0
 909 006d 0B       		.uleb128 0xb
 910 006e 0B       		.uleb128 0xb
 911 006f 49       		.uleb128 0x49
 912 0070 13       		.uleb128 0x13
ARM GAS  C:\Users\lthw148\AppData\Local\Temp\ccrvOTAL.s 			page 17


 913 0071 00       		.byte	0
 914 0072 00       		.byte	0
 915 0073 0A       		.uleb128 0xa
 916 0074 26       		.uleb128 0x26
 917 0075 00       		.byte	0
 918 0076 00       		.byte	0
 919 0077 00       		.byte	0
 920 0078 0B       		.uleb128 0xb
 921 0079 01       		.uleb128 0x1
 922 007a 01       		.byte	0x1
 923 007b 49       		.uleb128 0x49
 924 007c 13       		.uleb128 0x13
 925 007d 01       		.uleb128 0x1
 926 007e 13       		.uleb128 0x13
 927 007f 00       		.byte	0
 928 0080 00       		.byte	0
 929 0081 0C       		.uleb128 0xc
 930 0082 21       		.uleb128 0x21
 931 0083 00       		.byte	0
 932 0084 49       		.uleb128 0x49
 933 0085 13       		.uleb128 0x13
 934 0086 2F       		.uleb128 0x2f
 935 0087 0B       		.uleb128 0xb
 936 0088 00       		.byte	0
 937 0089 00       		.byte	0
 938 008a 0D       		.uleb128 0xd
 939 008b 26       		.uleb128 0x26
 940 008c 00       		.byte	0
 941 008d 49       		.uleb128 0x49
 942 008e 13       		.uleb128 0x13
 943 008f 00       		.byte	0
 944 0090 00       		.byte	0
 945 0091 0E       		.uleb128 0xe
 946 0092 34       		.uleb128 0x34
 947 0093 00       		.byte	0
 948 0094 03       		.uleb128 0x3
 949 0095 0E       		.uleb128 0xe
 950 0096 3A       		.uleb128 0x3a
 951 0097 0B       		.uleb128 0xb
 952 0098 3B       		.uleb128 0x3b
 953 0099 0B       		.uleb128 0xb
 954 009a 49       		.uleb128 0x49
 955 009b 13       		.uleb128 0x13
 956 009c 3F       		.uleb128 0x3f
 957 009d 19       		.uleb128 0x19
 958 009e 02       		.uleb128 0x2
 959 009f 18       		.uleb128 0x18
 960 00a0 00       		.byte	0
 961 00a1 00       		.byte	0
 962 00a2 0F       		.uleb128 0xf
 963 00a3 34       		.uleb128 0x34
 964 00a4 00       		.byte	0
 965 00a5 03       		.uleb128 0x3
 966 00a6 0E       		.uleb128 0xe
 967 00a7 3A       		.uleb128 0x3a
 968 00a8 0B       		.uleb128 0xb
 969 00a9 3B       		.uleb128 0x3b
ARM GAS  C:\Users\lthw148\AppData\Local\Temp\ccrvOTAL.s 			page 18


 970 00aa 05       		.uleb128 0x5
 971 00ab 49       		.uleb128 0x49
 972 00ac 13       		.uleb128 0x13
 973 00ad 3F       		.uleb128 0x3f
 974 00ae 19       		.uleb128 0x19
 975 00af 02       		.uleb128 0x2
 976 00b0 18       		.uleb128 0x18
 977 00b1 00       		.byte	0
 978 00b2 00       		.byte	0
 979 00b3 00       		.byte	0
 980              		.section	.debug_aranges,"",%progbits
 981 0000 14000000 		.4byte	0x14
 982 0004 0200     		.2byte	0x2
 983 0006 00000000 		.4byte	.Ldebug_info0
 984 000a 04       		.byte	0x4
 985 000b 00       		.byte	0
 986 000c 0000     		.2byte	0
 987 000e 0000     		.2byte	0
 988 0010 00000000 		.4byte	0
 989 0014 00000000 		.4byte	0
 990              		.section	.debug_line,"",%progbits
 991              	.Ldebug_line0:
 992 0000 5D000000 		.section	.debug_str,"MS",%progbits,1
 992      02005700 
 992      00000201 
 992      FB0E0D00 
 992      01010101 
 993              	.LASF28:
 994 0000 55534255 		.ascii	"USBUART_DEVICE0_CONFIGURATION0_INTERFACE_CLASS\000"
 994      4152545F 
 994      44455649 
 994      4345305F 
 994      434F4E46 
 995              	.LASF37:
 996 002f 474E5520 		.ascii	"GNU C11 5.4.1 20160609 (release) [ARM/embedded-5-br"
 996      43313120 
 996      352E342E 
 996      31203230 
 996      31363036 
 997 0062 616E6368 		.ascii	"anch revision 237715] -mcpu=cortex-m3 -mthumb -g -O"
 997      20726576 
 997      6973696F 
 997      6E203233 
 997      37373135 
 998 0095 30202D66 		.ascii	"0 -ffunction-sections -ffat-lto-objects\000"
 998      66756E63 
 998      74696F6E 
 998      2D736563 
 998      74696F6E 
 999              	.LASF19:
 1000 00bd 61747472 		.ascii	"attributes\000"
 1000      69627574 
 1000      657300
 1001              	.LASF33:
 1002 00c8 55534255 		.ascii	"USBUART_STRING_DESCRIPTORS\000"
 1002      4152545F 
 1002      53545249 
ARM GAS  C:\Users\lthw148\AppData\Local\Temp\ccrvOTAL.s 			page 19


 1002      4E475F44 
 1002      45534352 
 1003              	.LASF27:
 1004 00e3 55534255 		.ascii	"USBUART_DEVICE0_CONFIGURATION0_EP_SETTINGS_TABLE\000"
 1004      4152545F 
 1004      44455649 
 1004      4345305F 
 1004      434F4E46 
 1005              	.LASF34:
 1006 0114 55534255 		.ascii	"USBUART_MSOS_DESCRIPTOR\000"
 1006      4152545F 
 1006      4D534F53 
 1006      5F444553 
 1006      43524950 
 1007              	.LASF38:
 1008 012c 47656E65 		.ascii	"Generated_Source\\PSoC5\\USBUART_descr.c\000"
 1008      72617465 
 1008      645F536F 
 1008      75726365 
 1008      5C50536F 
 1009              	.LASF25:
 1010 0153 55534255 		.ascii	"USBUART_DEVICE0_DESCR\000"
 1010      4152545F 
 1010      44455649 
 1010      4345305F 
 1010      44455343 
 1011              	.LASF11:
 1012 0169 666C6F61 		.ascii	"float\000"
 1012      7400
 1013              	.LASF32:
 1014 016f 55534255 		.ascii	"USBUART_SN_STRING_DESCRIPTOR\000"
 1014      4152545F 
 1014      534E5F53 
 1014      5452494E 
 1014      475F4445 
 1015              	.LASF17:
 1016 018c 616C7453 		.ascii	"altSetting\000"
 1016      65747469 
 1016      6E6700
 1017              	.LASF1:
 1018 0197 756E7369 		.ascii	"unsigned char\000"
 1018      676E6564 
 1018      20636861 
 1018      7200
 1019              	.LASF39:
 1020 01a5 433A5C55 		.ascii	"C:\\Users\\lthw148\\Downloads\\psoc student pack (2"
 1020      73657273 
 1020      5C6C7468 
 1020      77313438 
 1020      5C446F77 
 1021 01d4 295C7073 		.ascii	")\\psoc student pack (2)\\psoc student pack\\psoc s"
 1021      6F632073 
 1021      74756465 
 1021      6E742070 
 1021      61636B20 
 1022 0204 74756465 		.ascii	"tudent pack\\psoc_code_base\\hardware_task_1.cydsn\000"
 1022      6E742070 
ARM GAS  C:\Users\lthw148\AppData\Local\Temp\ccrvOTAL.s 			page 20


 1022      61636B5C 
 1022      70736F63 
 1022      5F636F64 
 1023              	.LASF22:
 1024 0235 545F5553 		.ascii	"T_USBUART_EP_SETTINGS_BLOCK\000"
 1024      42554152 
 1024      545F4550 
 1024      5F534554 
 1024      54494E47 
 1025              	.LASF5:
 1026 0251 6C6F6E67 		.ascii	"long unsigned int\000"
 1026      20756E73 
 1026      69676E65 
 1026      6420696E 
 1026      7400
 1027              	.LASF18:
 1028 0263 61646472 		.ascii	"addr\000"
 1028      00
 1029              	.LASF29:
 1030 0268 55534255 		.ascii	"USBUART_DEVICE0_CONFIGURATION0_TABLE\000"
 1030      4152545F 
 1030      44455649 
 1030      4345305F 
 1030      434F4E46 
 1031              	.LASF35:
 1032 028d 55534255 		.ascii	"USBUART_MSOS_CONFIGURATION_DESCR\000"
 1032      4152545F 
 1032      4D534F53 
 1032      5F434F4E 
 1032      46494755 
 1033              	.LASF12:
 1034 02ae 646F7562 		.ascii	"double\000"
 1034      6C6500
 1035              	.LASF10:
 1036 02b5 75696E74 		.ascii	"uint16\000"
 1036      313600
 1037              	.LASF8:
 1038 02bc 756E7369 		.ascii	"unsigned int\000"
 1038      676E6564 
 1038      20696E74 
 1038      00
 1039              	.LASF24:
 1040 02c9 545F5553 		.ascii	"T_USBUART_LUT\000"
 1040      42554152 
 1040      545F4C55 
 1040      5400
 1041              	.LASF7:
 1042 02d7 6C6F6E67 		.ascii	"long long unsigned int\000"
 1042      206C6F6E 
 1042      6720756E 
 1042      7369676E 
 1042      65642069 
 1043              	.LASF26:
 1044 02ee 55534255 		.ascii	"USBUART_DEVICE0_CONFIGURATION0_DESCR\000"
 1044      4152545F 
 1044      44455649 
 1044      4345305F 
ARM GAS  C:\Users\lthw148\AppData\Local\Temp\ccrvOTAL.s 			page 21


 1044      434F4E46 
 1045              	.LASF23:
 1046 0313 705F6C69 		.ascii	"p_list\000"
 1046      737400
 1047              	.LASF15:
 1048 031a 73697A65 		.ascii	"sizetype\000"
 1048      74797065 
 1048      00
 1049              	.LASF6:
 1050 0323 6C6F6E67 		.ascii	"long long int\000"
 1050      206C6F6E 
 1050      6720696E 
 1050      7400
 1051              	.LASF13:
 1052 0331 63686172 		.ascii	"char\000"
 1052      00
 1053              	.LASF20:
 1054 0336 62756666 		.ascii	"bufferSize\000"
 1054      65725369 
 1054      7A6500
 1055              	.LASF31:
 1056 0341 55534255 		.ascii	"USBUART_TABLE\000"
 1056      4152545F 
 1056      5441424C 
 1056      4500
 1057              	.LASF2:
 1058 034f 73686F72 		.ascii	"short int\000"
 1058      7420696E 
 1058      7400
 1059              	.LASF9:
 1060 0359 75696E74 		.ascii	"uint8\000"
 1060      3800
 1061              	.LASF16:
 1062 035f 696E7465 		.ascii	"interface\000"
 1062      72666163 
 1062      6500
 1063              	.LASF4:
 1064 0369 6C6F6E67 		.ascii	"long int\000"
 1064      20696E74 
 1064      00
 1065              	.LASF14:
 1066 0372 6C6F6E67 		.ascii	"long double\000"
 1066      20646F75 
 1066      626C6500 
 1067              	.LASF0:
 1068 037e 7369676E 		.ascii	"signed char\000"
 1068      65642063 
 1068      68617200 
 1069              	.LASF3:
 1070 038a 73686F72 		.ascii	"short unsigned int\000"
 1070      7420756E 
 1070      7369676E 
 1070      65642069 
 1070      6E7400
 1071              	.LASF30:
 1072 039d 55534255 		.ascii	"USBUART_DEVICE0_TABLE\000"
 1072      4152545F 
ARM GAS  C:\Users\lthw148\AppData\Local\Temp\ccrvOTAL.s 			page 22


 1072      44455649 
 1072      4345305F 
 1072      5441424C 
 1073              	.LASF21:
 1074 03b3 624D6973 		.ascii	"bMisc\000"
 1074      6300
 1075              	.LASF36:
 1076 03b9 55534255 		.ascii	"USBUART_idSerialNumberStringDescriptor\000"
 1076      4152545F 
 1076      69645365 
 1076      7269616C 
 1076      4E756D62 
 1077              		.ident	"GCC: (GNU Tools for ARM Embedded Processors) 5.4.1 20160609 (release) [ARM/embedded-5-bran
